15:05:06 **** Incremental Build of configuration Release2560 for project freeboardMega ****
make all 
arduino/core/subdir.mk:101: warning: overriding commands for target `arduino/HardwareSerial.cpp.o'
arduinoMods/subdir.mk:18: warning: ignoring old commands for target `arduino/HardwareSerial.cpp.o'
Building file: ../Anchor.cpp
Starting C++ compile
"/home/robert/dev/arduino-1.5.7/hardware/tools/avr/bin/avr-g++" -c -g -Os -fno-exceptions -ffunction-sections -fdata-sections -MMD -mmcu=atmega2560 -DF_CPU=16000000L -DARDUINO=157 -DARDUINO_AVR_MEGA2560 -DARDUINO_ARCH_AVR     -I"/home/robert/dev/arduino-1.5.7/hardware/arduino/avr/cores/arduino" -I"/home/robert/dev/arduino-1.5.7/hardware/arduino/avr/variants/mega" -I"/home/robert/devSpace/dueWorkspace/freeboardMega/lib/AltSoftSerial" -I"/home/robert/devSpace/dueWorkspace/freeboardMega/lib/AverageList" -I"/home/robert/devSpace/dueWorkspace/freeboardMega/lib/EEPROM" -I"/home/robert/devSpace/dueWorkspace/freeboardMega/lib/FlexiTimer2" -I"/home/robert/devSpace/dueWorkspace/freeboardMega/lib/JsonStream" -I"/home/robert/devSpace/dueWorkspace/freeboardMega/lib/Kangaroo" -I"/home/robert/devSpace/dueWorkspace/freeboardMega/lib/MemoryFree" -I"/home/robert/devSpace/dueWorkspace/freeboardMega/lib/MultiSerial" -I"/home/robert/devSpace/dueWorkspace/freeboardMega/lib/NMEA" -I"/home/robert/devSpace/dueWorkspace/freeboardMega/lib/PID_v1" -I"/home/robert/devSpace/dueWorkspace/freeboardMega/lib/PString" -I"/home/robert/devSpace/dueWorkspace/freeboardMega/lib/SPI" -MMD -MP -MF"Anchor.cpp.d" -MT"Anchor.cpp.d" -D__IN_ECLIPSE__=1 -x c++ "../Anchor.cpp"  -o  "Anchor.cpp.o"   -Wall
Finished building: ../Anchor.cpp
 
Building file: ../Autopilot.cpp
Starting C++ compile
"/home/robert/dev/arduino-1.5.7/hardware/tools/avr/bin/avr-g++" -c -g -Os -fno-exceptions -ffunction-sections -fdata-sections -MMD -mmcu=atmega2560 -DF_CPU=16000000L -DARDUINO=157 -DARDUINO_AVR_MEGA2560 -DARDUINO_ARCH_AVR     -I"/home/robert/dev/arduino-1.5.7/hardware/arduino/avr/cores/arduino" -I"/home/robert/dev/arduino-1.5.7/hardware/arduino/avr/variants/mega" -I"/home/robert/devSpace/dueWorkspace/freeboardMega/lib/AltSoftSerial" -I"/home/robert/devSpace/dueWorkspace/freeboardMega/lib/AverageList" -I"/home/robert/devSpace/dueWorkspace/freeboardMega/lib/EEPROM" -I"/home/robert/devSpace/dueWorkspace/freeboardMega/lib/FlexiTimer2" -I"/home/robert/devSpace/dueWorkspace/freeboardMega/lib/JsonStream" -I"/home/robert/devSpace/dueWorkspace/freeboardMega/lib/Kangaroo" -I"/home/robert/devSpace/dueWorkspace/freeboardMega/lib/MemoryFree" -I"/home/robert/devSpace/dueWorkspace/freeboardMega/lib/MultiSerial" -I"/home/robert/devSpace/dueWorkspace/freeboardMega/lib/NMEA" -I"/home/robert/devSpace/dueWorkspace/freeboardMega/lib/PID_v1" -I"/home/robert/devSpace/dueWorkspace/freeboardMega/lib/PString" -I"/home/robert/devSpace/dueWorkspace/freeboardMega/lib/SPI" -MMD -MP -MF"Autopilot.cpp.d" -MT"Autopilot.cpp.d" -D__IN_ECLIPSE__=1 -x c++ "../Autopilot.cpp"  -o  "Autopilot.cpp.o"   -Wall
Finished building: ../Autopilot.cpp
 
Building file: ../FreeboardModel.cpp
Starting C++ compile
"/home/robert/dev/arduino-1.5.7/hardware/tools/avr/bin/avr-g++" -c -g -Os -fno-exceptions -ffunction-sections -fdata-sections -MMD -mmcu=atmega2560 -DF_CPU=16000000L -DARDUINO=157 -DARDUINO_AVR_MEGA2560 -DARDUINO_ARCH_AVR     -I"/home/robert/dev/arduino-1.5.7/hardware/arduino/avr/cores/arduino" -I"/home/robert/dev/arduino-1.5.7/hardware/arduino/avr/variants/mega" -I"/home/robert/devSpace/dueWorkspace/freeboardMega/lib/AltSoftSerial" -I"/home/robert/devSpace/dueWorkspace/freeboardMega/lib/AverageList" -I"/home/robert/devSpace/dueWorkspace/freeboardMega/lib/EEPROM" -I"/home/robert/devSpace/dueWorkspace/freeboardMega/lib/FlexiTimer2" -I"/home/robert/devSpace/dueWorkspace/freeboardMega/lib/JsonStream" -I"/home/robert/devSpace/dueWorkspace/freeboardMega/lib/Kangaroo" -I"/home/robert/devSpace/dueWorkspace/freeboardMega/lib/MemoryFree" -I"/home/robert/devSpace/dueWorkspace/freeboardMega/lib/MultiSerial" -I"/home/robert/devSpace/dueWorkspace/freeboardMega/lib/NMEA" -I"/home/robert/devSpace/dueWorkspace/freeboardMega/lib/PID_v1" -I"/home/robert/devSpace/dueWorkspace/freeboardMega/lib/PString" -I"/home/robert/devSpace/dueWorkspace/freeboardMega/lib/SPI" -MMD -MP -MF"FreeboardModel.cpp.d" -MT"FreeboardModel.cpp.d" -D__IN_ECLIPSE__=1 -x c++ "../FreeboardModel.cpp"  -o  "FreeboardModel.cpp.o"   -Wall
Finished building: ../FreeboardModel.cpp
 
Building file: ../Gps.cpp
Starting C++ compile
"/home/robert/dev/arduino-1.5.7/hardware/tools/avr/bin/avr-g++" -c -g -Os -fno-exceptions -ffunction-sections -fdata-sections -MMD -mmcu=atmega2560 -DF_CPU=16000000L -DARDUINO=157 -DARDUINO_AVR_MEGA2560 -DARDUINO_ARCH_AVR     -I"/home/robert/dev/arduino-1.5.7/hardware/arduino/avr/cores/arduino" -I"/home/robert/dev/arduino-1.5.7/hardware/arduino/avr/variants/mega" -I"/home/robert/devSpace/dueWorkspace/freeboardMega/lib/AltSoftSerial" -I"/home/robert/devSpace/dueWorkspace/freeboardMega/lib/AverageList" -I"/home/robert/devSpace/dueWorkspace/freeboardMega/lib/EEPROM" -I"/home/robert/devSpace/dueWorkspace/freeboardMega/lib/FlexiTimer2" -I"/home/robert/devSpace/dueWorkspace/freeboardMega/lib/JsonStream" -I"/home/robert/devSpace/dueWorkspace/freeboardMega/lib/Kangaroo" -I"/home/robert/devSpace/dueWorkspace/freeboardMega/lib/MemoryFree" -I"/home/robert/devSpace/dueWorkspace/freeboardMega/lib/MultiSerial" -I"/home/robert/devSpace/dueWorkspace/freeboardMega/lib/NMEA" -I"/home/robert/devSpace/dueWorkspace/freeboardMega/lib/PID_v1" -I"/home/robert/devSpace/dueWorkspace/freeboardMega/lib/PString" -I"/home/robert/devSpace/dueWorkspace/freeboardMega/lib/SPI" -MMD -MP -MF"Gps.cpp.d" -MT"Gps.cpp.d" -D__IN_ECLIPSE__=1 -x c++ "../Gps.cpp"  -o  "Gps.cpp.o"   -Wall
Finished building: ../Gps.cpp
 
Building file: ../NmeaRelay.cpp
Starting C++ compile
"/home/robert/dev/arduino-1.5.7/hardware/tools/avr/bin/avr-g++" -c -g -Os -fno-exceptions -ffunction-sections -fdata-sections -MMD -mmcu=atmega2560 -DF_CPU=16000000L -DARDUINO=157 -DARDUINO_AVR_MEGA2560 -DARDUINO_ARCH_AVR     -I"/home/robert/dev/arduino-1.5.7/hardware/arduino/avr/cores/arduino" -I"/home/robert/dev/arduino-1.5.7/hardware/arduino/avr/variants/mega" -I"/home/robert/devSpace/dueWorkspace/freeboardMega/lib/AltSoftSerial" -I"/home/robert/devSpace/dueWorkspace/freeboardMega/lib/AverageList" -I"/home/robert/devSpace/dueWorkspace/freeboardMega/lib/EEPROM" -I"/home/robert/devSpace/dueWorkspace/freeboardMega/lib/FlexiTimer2" -I"/home/robert/devSpace/dueWorkspace/freeboardMega/lib/JsonStream" -I"/home/robert/devSpace/dueWorkspace/freeboardMega/lib/Kangaroo" -I"/home/robert/devSpace/dueWorkspace/freeboardMega/lib/MemoryFree" -I"/home/robert/devSpace/dueWorkspace/freeboardMega/lib/MultiSerial" -I"/home/robert/devSpace/dueWorkspace/freeboardMega/lib/NMEA" -I"/home/robert/devSpace/dueWorkspace/freeboardMega/lib/PID_v1" -I"/home/robert/devSpace/dueWorkspace/freeboardMega/lib/PString" -I"/home/robert/devSpace/dueWorkspace/freeboardMega/lib/SPI" -MMD -MP -MF"NmeaRelay.cpp.d" -MT"NmeaRelay.cpp.d" -D__IN_ECLIPSE__=1 -x c++ "../NmeaRelay.cpp"  -o  "NmeaRelay.cpp.o"   -Wall
Finished building: ../NmeaRelay.cpp
 
Building file: ../NmeaSerial.cpp
Starting C++ compile
"/home/robert/dev/arduino-1.5.7/hardware/tools/avr/bin/avr-g++" -c -g -Os -fno-exceptions -ffunction-sections -fdata-sections -MMD -mmcu=atmega2560 -DF_CPU=16000000L -DARDUINO=157 -DARDUINO_AVR_MEGA2560 -DARDUINO_ARCH_AVR     -I"/home/robert/dev/arduino-1.5.7/hardware/arduino/avr/cores/arduino" -I"/home/robert/dev/arduino-1.5.7/hardware/arduino/avr/variants/mega" -I"/home/robert/devSpace/dueWorkspace/freeboardMega/lib/AltSoftSerial" -I"/home/robert/devSpace/dueWorkspace/freeboardMega/lib/AverageList" -I"/home/robert/devSpace/dueWorkspace/freeboardMega/lib/EEPROM" -I"/home/robert/devSpace/dueWorkspace/freeboardMega/lib/FlexiTimer2" -I"/home/robert/devSpace/dueWorkspace/freeboardMega/lib/JsonStream" -I"/home/robert/devSpace/dueWorkspace/freeboardMega/lib/Kangaroo" -I"/home/robert/devSpace/dueWorkspace/freeboardMega/lib/MemoryFree" -I"/home/robert/devSpace/dueWorkspace/freeboardMega/lib/MultiSerial" -I"/home/robert/devSpace/dueWorkspace/freeboardMega/lib/NMEA" -I"/home/robert/devSpace/dueWorkspace/freeboardMega/lib/PID_v1" -I"/home/robert/devSpace/dueWorkspace/freeboardMega/lib/PString" -I"/home/robert/devSpace/dueWorkspace/freeboardMega/lib/SPI" -MMD -MP -MF"NmeaSerial.cpp.d" -MT"NmeaSerial.cpp.d" -D__IN_ECLIPSE__=1 -x c++ "../NmeaSerial.cpp"  -o  "NmeaSerial.cpp.o"   -Wall
Finished building: ../NmeaSerial.cpp
 
Building file: ../Seatalk.cpp
Starting C++ compile
"/home/robert/dev/arduino-1.5.7/hardware/tools/avr/bin/avr-g++" -c -g -Os -fno-exceptions -ffunction-sections -fdata-sections -MMD -mmcu=atmega2560 -DF_CPU=16000000L -DARDUINO=157 -DARDUINO_AVR_MEGA2560 -DARDUINO_ARCH_AVR     -I"/home/robert/dev/arduino-1.5.7/hardware/arduino/avr/cores/arduino" -I"/home/robert/dev/arduino-1.5.7/hardware/arduino/avr/variants/mega" -I"/home/robert/devSpace/dueWorkspace/freeboardMega/lib/AltSoftSerial" -I"/home/robert/devSpace/dueWorkspace/freeboardMega/lib/AverageList" -I"/home/robert/devSpace/dueWorkspace/freeboardMega/lib/EEPROM" -I"/home/robert/devSpace/dueWorkspace/freeboardMega/lib/FlexiTimer2" -I"/home/robert/devSpace/dueWorkspace/freeboardMega/lib/JsonStream" -I"/home/robert/devSpace/dueWorkspace/freeboardMega/lib/Kangaroo" -I"/home/robert/devSpace/dueWorkspace/freeboardMega/lib/MemoryFree" -I"/home/robert/devSpace/dueWorkspace/freeboardMega/lib/MultiSerial" -I"/home/robert/devSpace/dueWorkspace/freeboardMega/lib/NMEA" -I"/home/robert/devSpace/dueWorkspace/freeboardMega/lib/PID_v1" -I"/home/robert/devSpace/dueWorkspace/freeboardMega/lib/PString" -I"/home/robert/devSpace/dueWorkspace/freeboardMega/lib/SPI" -MMD -MP -MF"Seatalk.cpp.d" -MT"Seatalk.cpp.d" -D__IN_ECLIPSE__=1 -x c++ "../Seatalk.cpp"  -o  "Seatalk.cpp.o"   -Wall
Finished building: ../Seatalk.cpp
 
Building file: ../Wind.cpp
Starting C++ compile
"/home/robert/dev/arduino-1.5.7/hardware/tools/avr/bin/avr-g++" -c -g -Os -fno-exceptions -ffunction-sections -fdata-sections -MMD -mmcu=atmega2560 -DF_CPU=16000000L -DARDUINO=157 -DARDUINO_AVR_MEGA2560 -DARDUINO_ARCH_AVR     -I"/home/robert/dev/arduino-1.5.7/hardware/arduino/avr/cores/arduino" -I"/home/robert/dev/arduino-1.5.7/hardware/arduino/avr/variants/mega" -I"/home/robert/devSpace/dueWorkspace/freeboardMega/lib/AltSoftSerial" -I"/home/robert/devSpace/dueWorkspace/freeboardMega/lib/AverageList" -I"/home/robert/devSpace/dueWorkspace/freeboardMega/lib/EEPROM" -I"/home/robert/devSpace/dueWorkspace/freeboardMega/lib/FlexiTimer2" -I"/home/robert/devSpace/dueWorkspace/freeboardMega/lib/JsonStream" -I"/home/robert/devSpace/dueWorkspace/freeboardMega/lib/Kangaroo" -I"/home/robert/devSpace/dueWorkspace/freeboardMega/lib/MemoryFree" -I"/home/robert/devSpace/dueWorkspace/freeboardMega/lib/MultiSerial" -I"/home/robert/devSpace/dueWorkspace/freeboardMega/lib/NMEA" -I"/home/robert/devSpace/dueWorkspace/freeboardMega/lib/PID_v1" -I"/home/robert/devSpace/dueWorkspace/freeboardMega/lib/PString" -I"/home/robert/devSpace/dueWorkspace/freeboardMega/lib/SPI" -MMD -MP -MF"Wind.cpp.d" -MT"Wind.cpp.d" -D__IN_ECLIPSE__=1 -x c++ "../Wind.cpp"  -o  "Wind.cpp.o"   -Wall
Finished building: ../Wind.cpp
 
Building file: ../freeboardMega.cpp
Starting C++ compile
"/home/robert/dev/arduino-1.5.7/hardware/tools/avr/bin/avr-g++" -c -g -Os -fno-exceptions -ffunction-sections -fdata-sections -MMD -mmcu=atmega2560 -DF_CPU=16000000L -DARDUINO=157 -DARDUINO_AVR_MEGA2560 -DARDUINO_ARCH_AVR     -I"/home/robert/dev/arduino-1.5.7/hardware/arduino/avr/cores/arduino" -I"/home/robert/dev/arduino-1.5.7/hardware/arduino/avr/variants/mega" -I"/home/robert/devSpace/dueWorkspace/freeboardMega/lib/AltSoftSerial" -I"/home/robert/devSpace/dueWorkspace/freeboardMega/lib/AverageList" -I"/home/robert/devSpace/dueWorkspace/freeboardMega/lib/EEPROM" -I"/home/robert/devSpace/dueWorkspace/freeboardMega/lib/FlexiTimer2" -I"/home/robert/devSpace/dueWorkspace/freeboardMega/lib/JsonStream" -I"/home/robert/devSpace/dueWorkspace/freeboardMega/lib/Kangaroo" -I"/home/robert/devSpace/dueWorkspace/freeboardMega/lib/MemoryFree" -I"/home/robert/devSpace/dueWorkspace/freeboardMega/lib/MultiSerial" -I"/home/robert/devSpace/dueWorkspace/freeboardMega/lib/NMEA" -I"/home/robert/devSpace/dueWorkspace/freeboardMega/lib/PID_v1" -I"/home/robert/devSpace/dueWorkspace/freeboardMega/lib/PString" -I"/home/robert/devSpace/dueWorkspace/freeboardMega/lib/SPI" -MMD -MP -MF"freeboardMega.cpp.d" -MT"freeboardMega.cpp.d" -D__IN_ECLIPSE__=1 -x c++ "../freeboardMega.cpp"  -o  "freeboardMega.cpp.o"   -Wall
Finished building: ../freeboardMega.cpp
 
Building file: ../util.cpp
Starting C++ compile
"/home/robert/dev/arduino-1.5.7/hardware/tools/avr/bin/avr-g++" -c -g -Os -fno-exceptions -ffunction-sections -fdata-sections -MMD -mmcu=atmega2560 -DF_CPU=16000000L -DARDUINO=157 -DARDUINO_AVR_MEGA2560 -DARDUINO_ARCH_AVR     -I"/home/robert/dev/arduino-1.5.7/hardware/arduino/avr/cores/arduino" -I"/home/robert/dev/arduino-1.5.7/hardware/arduino/avr/variants/mega" -I"/home/robert/devSpace/dueWorkspace/freeboardMega/lib/AltSoftSerial" -I"/home/robert/devSpace/dueWorkspace/freeboardMega/lib/AverageList" -I"/home/robert/devSpace/dueWorkspace/freeboardMega/lib/EEPROM" -I"/home/robert/devSpace/dueWorkspace/freeboardMega/lib/FlexiTimer2" -I"/home/robert/devSpace/dueWorkspace/freeboardMega/lib/JsonStream" -I"/home/robert/devSpace/dueWorkspace/freeboardMega/lib/Kangaroo" -I"/home/robert/devSpace/dueWorkspace/freeboardMega/lib/MemoryFree" -I"/home/robert/devSpace/dueWorkspace/freeboardMega/lib/MultiSerial" -I"/home/robert/devSpace/dueWorkspace/freeboardMega/lib/NMEA" -I"/home/robert/devSpace/dueWorkspace/freeboardMega/lib/PID_v1" -I"/home/robert/devSpace/dueWorkspace/freeboardMega/lib/PString" -I"/home/robert/devSpace/dueWorkspace/freeboardMega/lib/SPI" -MMD -MP -MF"util.cpp.d" -MT"util.cpp.d" -D__IN_ECLIPSE__=1 -x c++ "../util.cpp"  -o  "util.cpp.o"   -Wall
Finished building: ../util.cpp
 
Building file: ../lib/SPI/SPI.cpp
Starting C++ compile
"/home/robert/dev/arduino-1.5.7/hardware/tools/avr/bin/avr-g++" -c -g -Os -fno-exceptions -ffunction-sections -fdata-sections -MMD -mmcu=atmega2560 -DF_CPU=16000000L -DARDUINO=157 -DARDUINO_AVR_MEGA2560 -DARDUINO_ARCH_AVR     -I"/home/robert/dev/arduino-1.5.7/hardware/arduino/avr/cores/arduino" -I"/home/robert/dev/arduino-1.5.7/hardware/arduino/avr/variants/mega" -I"/home/robert/devSpace/dueWorkspace/freeboardMega/lib/AltSoftSerial" -I"/home/robert/devSpace/dueWorkspace/freeboardMega/lib/AverageList" -I"/home/robert/devSpace/dueWorkspace/freeboardMega/lib/EEPROM" -I"/home/robert/devSpace/dueWorkspace/freeboardMega/lib/FlexiTimer2" -I"/home/robert/devSpace/dueWorkspace/freeboardMega/lib/JsonStream" -I"/home/robert/devSpace/dueWorkspace/freeboardMega/lib/Kangaroo" -I"/home/robert/devSpace/dueWorkspace/freeboardMega/lib/MemoryFree" -I"/home/robert/devSpace/dueWorkspace/freeboardMega/lib/MultiSerial" -I"/home/robert/devSpace/dueWorkspace/freeboardMega/lib/NMEA" -I"/home/robert/devSpace/dueWorkspace/freeboardMega/lib/PID_v1" -I"/home/robert/devSpace/dueWorkspace/freeboardMega/lib/PString" -I"/home/robert/devSpace/dueWorkspace/freeboardMega/lib/SPI" -MMD -MP -MF"lib/SPI/SPI.cpp.d" -MT"lib/SPI/SPI.cpp.d" -D__IN_ECLIPSE__=1 -x c++ "../lib/SPI/SPI.cpp"  -o  "lib/SPI/SPI.cpp.o"   -Wall
Finished building: ../lib/SPI/SPI.cpp
 
Building file: ../lib/PString/PString.cpp
Starting C++ compile
"/home/robert/dev/arduino-1.5.7/hardware/tools/avr/bin/avr-g++" -c -g -Os -fno-exceptions -ffunction-sections -fdata-sections -MMD -mmcu=atmega2560 -DF_CPU=16000000L -DARDUINO=157 -DARDUINO_AVR_MEGA2560 -DARDUINO_ARCH_AVR     -I"/home/robert/dev/arduino-1.5.7/hardware/arduino/avr/cores/arduino" -I"/home/robert/dev/arduino-1.5.7/hardware/arduino/avr/variants/mega" -I"/home/robert/devSpace/dueWorkspace/freeboardMega/lib/AltSoftSerial" -I"/home/robert/devSpace/dueWorkspace/freeboardMega/lib/AverageList" -I"/home/robert/devSpace/dueWorkspace/freeboardMega/lib/EEPROM" -I"/home/robert/devSpace/dueWorkspace/freeboardMega/lib/FlexiTimer2" -I"/home/robert/devSpace/dueWorkspace/freeboardMega/lib/JsonStream" -I"/home/robert/devSpace/dueWorkspace/freeboardMega/lib/Kangaroo" -I"/home/robert/devSpace/dueWorkspace/freeboardMega/lib/MemoryFree" -I"/home/robert/devSpace/dueWorkspace/freeboardMega/lib/MultiSerial" -I"/home/robert/devSpace/dueWorkspace/freeboardMega/lib/NMEA" -I"/home/robert/devSpace/dueWorkspace/freeboardMega/lib/PID_v1" -I"/home/robert/devSpace/dueWorkspace/freeboardMega/lib/PString" -I"/home/robert/devSpace/dueWorkspace/freeboardMega/lib/SPI" -MMD -MP -MF"lib/PString/PString.cpp.d" -MT"lib/PString/PString.cpp.d" -D__IN_ECLIPSE__=1 -x c++ "../lib/PString/PString.cpp"  -o  "lib/PString/PString.cpp.o"   -Wall
Finished building: ../lib/PString/PString.cpp
 
Building file: ../lib/PID_v1/PID_v1.cpp
Starting C++ compile
"/home/robert/dev/arduino-1.5.7/hardware/tools/avr/bin/avr-g++" -c -g -Os -fno-exceptions -ffunction-sections -fdata-sections -MMD -mmcu=atmega2560 -DF_CPU=16000000L -DARDUINO=157 -DARDUINO_AVR_MEGA2560 -DARDUINO_ARCH_AVR     -I"/home/robert/dev/arduino-1.5.7/hardware/arduino/avr/cores/arduino" -I"/home/robert/dev/arduino-1.5.7/hardware/arduino/avr/variants/mega" -I"/home/robert/devSpace/dueWorkspace/freeboardMega/lib/AltSoftSerial" -I"/home/robert/devSpace/dueWorkspace/freeboardMega/lib/AverageList" -I"/home/robert/devSpace/dueWorkspace/freeboardMega/lib/EEPROM" -I"/home/robert/devSpace/dueWorkspace/freeboardMega/lib/FlexiTimer2" -I"/home/robert/devSpace/dueWorkspace/freeboardMega/lib/JsonStream" -I"/home/robert/devSpace/dueWorkspace/freeboardMega/lib/Kangaroo" -I"/home/robert/devSpace/dueWorkspace/freeboardMega/lib/MemoryFree" -I"/home/robert/devSpace/dueWorkspace/freeboardMega/lib/MultiSerial" -I"/home/robert/devSpace/dueWorkspace/freeboardMega/lib/NMEA" -I"/home/robert/devSpace/dueWorkspace/freeboardMega/lib/PID_v1" -I"/home/robert/devSpace/dueWorkspace/freeboardMega/lib/PString" -I"/home/robert/devSpace/dueWorkspace/freeboardMega/lib/SPI" -MMD -MP -MF"lib/PID_v1/PID_v1.cpp.d" -MT"lib/PID_v1/PID_v1.cpp.d" -D__IN_ECLIPSE__=1 -x c++ "../lib/PID_v1/PID_v1.cpp"  -o  "lib/PID_v1/PID_v1.cpp.o"   -Wall
Finished building: ../lib/PID_v1/PID_v1.cpp
 
Building file: ../lib/NMEA/nmea.cpp
Starting C++ compile
"/home/robert/dev/arduino-1.5.7/hardware/tools/avr/bin/avr-g++" -c -g -Os -fno-exceptions -ffunction-sections -fdata-sections -MMD -mmcu=atmega2560 -DF_CPU=16000000L -DARDUINO=157 -DARDUINO_AVR_MEGA2560 -DARDUINO_ARCH_AVR     -I"/home/robert/dev/arduino-1.5.7/hardware/arduino/avr/cores/arduino" -I"/home/robert/dev/arduino-1.5.7/hardware/arduino/avr/variants/mega" -I"/home/robert/devSpace/dueWorkspace/freeboardMega/lib/AltSoftSerial" -I"/home/robert/devSpace/dueWorkspace/freeboardMega/lib/AverageList" -I"/home/robert/devSpace/dueWorkspace/freeboardMega/lib/EEPROM" -I"/home/robert/devSpace/dueWorkspace/freeboardMega/lib/FlexiTimer2" -I"/home/robert/devSpace/dueWorkspace/freeboardMega/lib/JsonStream" -I"/home/robert/devSpace/dueWorkspace/freeboardMega/lib/Kangaroo" -I"/home/robert/devSpace/dueWorkspace/freeboardMega/lib/MemoryFree" -I"/home/robert/devSpace/dueWorkspace/freeboardMega/lib/MultiSerial" -I"/home/robert/devSpace/dueWorkspace/freeboardMega/lib/NMEA" -I"/home/robert/devSpace/dueWorkspace/freeboardMega/lib/PID_v1" -I"/home/robert/devSpace/dueWorkspace/freeboardMega/lib/PString" -I"/home/robert/devSpace/dueWorkspace/freeboardMega/lib/SPI" -MMD -MP -MF"lib/NMEA/nmea.cpp.d" -MT"lib/NMEA/nmea.cpp.d" -D__IN_ECLIPSE__=1 -x c++ "../lib/NMEA/nmea.cpp"  -o  "lib/NMEA/nmea.cpp.o"   -Wall
Finished building: ../lib/NMEA/nmea.cpp
 
Building file: ../lib/MultiSerial/MultiSerial.cpp
Starting C++ compile
"/home/robert/dev/arduino-1.5.7/hardware/tools/avr/bin/avr-g++" -c -g -Os -fno-exceptions -ffunction-sections -fdata-sections -MMD -mmcu=atmega2560 -DF_CPU=16000000L -DARDUINO=157 -DARDUINO_AVR_MEGA2560 -DARDUINO_ARCH_AVR     -I"/home/robert/dev/arduino-1.5.7/hardware/arduino/avr/cores/arduino" -I"/home/robert/dev/arduino-1.5.7/hardware/arduino/avr/variants/mega" -I"/home/robert/devSpace/dueWorkspace/freeboardMega/lib/AltSoftSerial" -I"/home/robert/devSpace/dueWorkspace/freeboardMega/lib/AverageList" -I"/home/robert/devSpace/dueWorkspace/freeboardMega/lib/EEPROM" -I"/home/robert/devSpace/dueWorkspace/freeboardMega/lib/FlexiTimer2" -I"/home/robert/devSpace/dueWorkspace/freeboardMega/lib/JsonStream" -I"/home/robert/devSpace/dueWorkspace/freeboardMega/lib/Kangaroo" -I"/home/robert/devSpace/dueWorkspace/freeboardMega/lib/MemoryFree" -I"/home/robert/devSpace/dueWorkspace/freeboardMega/lib/MultiSerial" -I"/home/robert/devSpace/dueWorkspace/freeboardMega/lib/NMEA" -I"/home/robert/devSpace/dueWorkspace/freeboardMega/lib/PID_v1" -I"/home/robert/devSpace/dueWorkspace/freeboardMega/lib/PString" -I"/home/robert/devSpace/dueWorkspace/freeboardMega/lib/SPI" -MMD -MP -MF"lib/MultiSerial/MultiSerial.cpp.d" -MT"lib/MultiSerial/MultiSerial.cpp.d" -D__IN_ECLIPSE__=1 -x c++ "../lib/MultiSerial/MultiSerial.cpp"  -o  "lib/MultiSerial/MultiSerial.cpp.o"   -Wall
Finished building: ../lib/MultiSerial/MultiSerial.cpp
 
Building file: ../lib/MemoryFree/MemoryFree.cpp
Starting C++ compile
"/home/robert/dev/arduino-1.5.7/hardware/tools/avr/bin/avr-g++" -c -g -Os -fno-exceptions -ffunction-sections -fdata-sections -MMD -mmcu=atmega2560 -DF_CPU=16000000L -DARDUINO=157 -DARDUINO_AVR_MEGA2560 -DARDUINO_ARCH_AVR     -I"/home/robert/dev/arduino-1.5.7/hardware/arduino/avr/cores/arduino" -I"/home/robert/dev/arduino-1.5.7/hardware/arduino/avr/variants/mega" -I"/home/robert/devSpace/dueWorkspace/freeboardMega/lib/AltSoftSerial" -I"/home/robert/devSpace/dueWorkspace/freeboardMega/lib/AverageList" -I"/home/robert/devSpace/dueWorkspace/freeboardMega/lib/EEPROM" -I"/home/robert/devSpace/dueWorkspace/freeboardMega/lib/FlexiTimer2" -I"/home/robert/devSpace/dueWorkspace/freeboardMega/lib/JsonStream" -I"/home/robert/devSpace/dueWorkspace/freeboardMega/lib/Kangaroo" -I"/home/robert/devSpace/dueWorkspace/freeboardMega/lib/MemoryFree" -I"/home/robert/devSpace/dueWorkspace/freeboardMega/lib/MultiSerial" -I"/home/robert/devSpace/dueWorkspace/freeboardMega/lib/NMEA" -I"/home/robert/devSpace/dueWorkspace/freeboardMega/lib/PID_v1" -I"/home/robert/devSpace/dueWorkspace/freeboardMega/lib/PString" -I"/home/robert/devSpace/dueWorkspace/freeboardMega/lib/SPI" -MMD -MP -MF"lib/MemoryFree/MemoryFree.cpp.d" -MT"lib/MemoryFree/MemoryFree.cpp.d" -D__IN_ECLIPSE__=1 -x c++ "../lib/MemoryFree/MemoryFree.cpp"  -o  "lib/MemoryFree/MemoryFree.cpp.o"   -Wall
Finished building: ../lib/MemoryFree/MemoryFree.cpp
 
Building file: ../lib/Kangaroo/KangarooCRC.cpp
Starting C++ compile
"/home/robert/dev/arduino-1.5.7/hardware/tools/avr/bin/avr-g++" -c -g -Os -fno-exceptions -ffunction-sections -fdata-sections -MMD -mmcu=atmega2560 -DF_CPU=16000000L -DARDUINO=157 -DARDUINO_AVR_MEGA2560 -DARDUINO_ARCH_AVR     -I"/home/robert/dev/arduino-1.5.7/hardware/arduino/avr/cores/arduino" -I"/home/robert/dev/arduino-1.5.7/hardware/arduino/avr/variants/mega" -I"/home/robert/devSpace/dueWorkspace/freeboardMega/lib/AltSoftSerial" -I"/home/robert/devSpace/dueWorkspace/freeboardMega/lib/AverageList" -I"/home/robert/devSpace/dueWorkspace/freeboardMega/lib/EEPROM" -I"/home/robert/devSpace/dueWorkspace/freeboardMega/lib/FlexiTimer2" -I"/home/robert/devSpace/dueWorkspace/freeboardMega/lib/JsonStream" -I"/home/robert/devSpace/dueWorkspace/freeboardMega/lib/Kangaroo" -I"/home/robert/devSpace/dueWorkspace/freeboardMega/lib/MemoryFree" -I"/home/robert/devSpace/dueWorkspace/freeboardMega/lib/MultiSerial" -I"/home/robert/devSpace/dueWorkspace/freeboardMega/lib/NMEA" -I"/home/robert/devSpace/dueWorkspace/freeboardMega/lib/PID_v1" -I"/home/robert/devSpace/dueWorkspace/freeboardMega/lib/PString" -I"/home/robert/devSpace/dueWorkspace/freeboardMega/lib/SPI" -MMD -MP -MF"lib/Kangaroo/KangarooCRC.cpp.d" -MT"lib/Kangaroo/KangarooCRC.cpp.d" -D__IN_ECLIPSE__=1 -x c++ "../lib/Kangaroo/KangarooCRC.cpp"  -o  "lib/Kangaroo/KangarooCRC.cpp.o"   -Wall
Finished building: ../lib/Kangaroo/KangarooCRC.cpp
 
Building file: ../lib/Kangaroo/KangarooChannel.cpp
Starting C++ compile
"/home/robert/dev/arduino-1.5.7/hardware/tools/avr/bin/avr-g++" -c -g -Os -fno-exceptions -ffunction-sections -fdata-sections -MMD -mmcu=atmega2560 -DF_CPU=16000000L -DARDUINO=157 -DARDUINO_AVR_MEGA2560 -DARDUINO_ARCH_AVR     -I"/home/robert/dev/arduino-1.5.7/hardware/arduino/avr/cores/arduino" -I"/home/robert/dev/arduino-1.5.7/hardware/arduino/avr/variants/mega" -I"/home/robert/devSpace/dueWorkspace/freeboardMega/lib/AltSoftSerial" -I"/home/robert/devSpace/dueWorkspace/freeboardMega/lib/AverageList" -I"/home/robert/devSpace/dueWorkspace/freeboardMega/lib/EEPROM" -I"/home/robert/devSpace/dueWorkspace/freeboardMega/lib/FlexiTimer2" -I"/home/robert/devSpace/dueWorkspace/freeboardMega/lib/JsonStream" -I"/home/robert/devSpace/dueWorkspace/freeboardMega/lib/Kangaroo" -I"/home/robert/devSpace/dueWorkspace/freeboardMega/lib/MemoryFree" -I"/home/robert/devSpace/dueWorkspace/freeboardMega/lib/MultiSerial" -I"/home/robert/devSpace/dueWorkspace/freeboardMega/lib/NMEA" -I"/home/robert/devSpace/dueWorkspace/freeboardMega/lib/PID_v1" -I"/home/robert/devSpace/dueWorkspace/freeboardMega/lib/PString" -I"/home/robert/devSpace/dueWorkspace/freeboardMega/lib/SPI" -MMD -MP -MF"lib/Kangaroo/KangarooChannel.cpp.d" -MT"lib/Kangaroo/KangarooChannel.cpp.d" -D__IN_ECLIPSE__=1 -x c++ "../lib/Kangaroo/KangarooChannel.cpp"  -o  "lib/Kangaroo/KangarooChannel.cpp.o"   -Wall
Finished building: ../lib/Kangaroo/KangarooChannel.cpp
 
Building file: ../lib/Kangaroo/KangarooCommandWriter.cpp
Starting C++ compile
"/home/robert/dev/arduino-1.5.7/hardware/tools/avr/bin/avr-g++" -c -g -Os -fno-exceptions -ffunction-sections -fdata-sections -MMD -mmcu=atmega2560 -DF_CPU=16000000L -DARDUINO=157 -DARDUINO_AVR_MEGA2560 -DARDUINO_ARCH_AVR     -I"/home/robert/dev/arduino-1.5.7/hardware/arduino/avr/cores/arduino" -I"/home/robert/dev/arduino-1.5.7/hardware/arduino/avr/variants/mega" -I"/home/robert/devSpace/dueWorkspace/freeboardMega/lib/AltSoftSerial" -I"/home/robert/devSpace/dueWorkspace/freeboardMega/lib/AverageList" -I"/home/robert/devSpace/dueWorkspace/freeboardMega/lib/EEPROM" -I"/home/robert/devSpace/dueWorkspace/freeboardMega/lib/FlexiTimer2" -I"/home/robert/devSpace/dueWorkspace/freeboardMega/lib/JsonStream" -I"/home/robert/devSpace/dueWorkspace/freeboardMega/lib/Kangaroo" -I"/home/robert/devSpace/dueWorkspace/freeboardMega/lib/MemoryFree" -I"/home/robert/devSpace/dueWorkspace/freeboardMega/lib/MultiSerial" -I"/home/robert/devSpace/dueWorkspace/freeboardMega/lib/NMEA" -I"/home/robert/devSpace/dueWorkspace/freeboardMega/lib/PID_v1" -I"/home/robert/devSpace/dueWorkspace/freeboardMega/lib/PString" -I"/home/robert/devSpace/dueWorkspace/freeboardMega/lib/SPI" -MMD -MP -MF"lib/Kangaroo/KangarooCommandWriter.cpp.d" -MT"lib/Kangaroo/KangarooCommandWriter.cpp.d" -D__IN_ECLIPSE__=1 -x c++ "../lib/Kangaroo/KangarooCommandWriter.cpp"  -o  "lib/Kangaroo/KangarooCommandWriter.cpp.o"   -Wall
Finished building: ../lib/Kangaroo/KangarooCommandWriter.cpp
 
Building file: ../lib/Kangaroo/KangarooMonitor.cpp
Starting C++ compile
"/home/robert/dev/arduino-1.5.7/hardware/tools/avr/bin/avr-g++" -c -g -Os -fno-exceptions -ffunction-sections -fdata-sections -MMD -mmcu=atmega2560 -DF_CPU=16000000L -DARDUINO=157 -DARDUINO_AVR_MEGA2560 -DARDUINO_ARCH_AVR     -I"/home/robert/dev/arduino-1.5.7/hardware/arduino/avr/cores/arduino" -I"/home/robert/dev/arduino-1.5.7/hardware/arduino/avr/variants/mega" -I"/home/robert/devSpace/dueWorkspace/freeboardMega/lib/AltSoftSerial" -I"/home/robert/devSpace/dueWorkspace/freeboardMega/lib/AverageList" -I"/home/robert/devSpace/dueWorkspace/freeboardMega/lib/EEPROM" -I"/home/robert/devSpace/dueWorkspace/freeboardMega/lib/FlexiTimer2" -I"/home/robert/devSpace/dueWorkspace/freeboardMega/lib/JsonStream" -I"/home/robert/devSpace/dueWorkspace/freeboardMega/lib/Kangaroo" -I"/home/robert/devSpace/dueWorkspace/freeboardMega/lib/MemoryFree" -I"/home/robert/devSpace/dueWorkspace/freeboardMega/lib/MultiSerial" -I"/home/robert/devSpace/dueWorkspace/freeboardMega/lib/NMEA" -I"/home/robert/devSpace/dueWorkspace/freeboardMega/lib/PID_v1" -I"/home/robert/devSpace/dueWorkspace/freeboardMega/lib/PString" -I"/home/robert/devSpace/dueWorkspace/freeboardMega/lib/SPI" -MMD -MP -MF"lib/Kangaroo/KangarooMonitor.cpp.d" -MT"lib/Kangaroo/KangarooMonitor.cpp.d" -D__IN_ECLIPSE__=1 -x c++ "../lib/Kangaroo/KangarooMonitor.cpp"  -o  "lib/Kangaroo/KangarooMonitor.cpp.o"   -Wall
Finished building: ../lib/Kangaroo/KangarooMonitor.cpp
 
Building file: ../lib/Kangaroo/KangarooReplyReader.cpp
Starting C++ compile
"/home/robert/dev/arduino-1.5.7/hardware/tools/avr/bin/avr-g++" -c -g -Os -fno-exceptions -ffunction-sections -fdata-sections -MMD -mmcu=atmega2560 -DF_CPU=16000000L -DARDUINO=157 -DARDUINO_AVR_MEGA2560 -DARDUINO_ARCH_AVR     -I"/home/robert/dev/arduino-1.5.7/hardware/arduino/avr/cores/arduino" -I"/home/robert/dev/arduino-1.5.7/hardware/arduino/avr/variants/mega" -I"/home/robert/devSpace/dueWorkspace/freeboardMega/lib/AltSoftSerial" -I"/home/robert/devSpace/dueWorkspace/freeboardMega/lib/AverageList" -I"/home/robert/devSpace/dueWorkspace/freeboardMega/lib/EEPROM" -I"/home/robert/devSpace/dueWorkspace/freeboardMega/lib/FlexiTimer2" -I"/home/robert/devSpace/dueWorkspace/freeboardMega/lib/JsonStream" -I"/home/robert/devSpace/dueWorkspace/freeboardMega/lib/Kangaroo" -I"/home/robert/devSpace/dueWorkspace/freeboardMega/lib/MemoryFree" -I"/home/robert/devSpace/dueWorkspace/freeboardMega/lib/MultiSerial" -I"/home/robert/devSpace/dueWorkspace/freeboardMega/lib/NMEA" -I"/home/robert/devSpace/dueWorkspace/freeboardMega/lib/PID_v1" -I"/home/robert/devSpace/dueWorkspace/freeboardMega/lib/PString" -I"/home/robert/devSpace/dueWorkspace/freeboardMega/lib/SPI" -MMD -MP -MF"lib/Kangaroo/KangarooReplyReader.cpp.d" -MT"lib/Kangaroo/KangarooReplyReader.cpp.d" -D__IN_ECLIPSE__=1 -x c++ "../lib/Kangaroo/KangarooReplyReader.cpp"  -o  "lib/Kangaroo/KangarooReplyReader.cpp.o"   -Wall
Finished building: ../lib/Kangaroo/KangarooReplyReader.cpp
 
Building file: ../lib/Kangaroo/KangarooReplyReceiver.cpp
Starting C++ compile
"/home/robert/dev/arduino-1.5.7/hardware/tools/avr/bin/avr-g++" -c -g -Os -fno-exceptions -ffunction-sections -fdata-sections -MMD -mmcu=atmega2560 -DF_CPU=16000000L -DARDUINO=157 -DARDUINO_AVR_MEGA2560 -DARDUINO_ARCH_AVR     -I"/home/robert/dev/arduino-1.5.7/hardware/arduino/avr/cores/arduino" -I"/home/robert/dev/arduino-1.5.7/hardware/arduino/avr/variants/mega" -I"/home/robert/devSpace/dueWorkspace/freeboardMega/lib/AltSoftSerial" -I"/home/robert/devSpace/dueWorkspace/freeboardMega/lib/AverageList" -I"/home/robert/devSpace/dueWorkspace/freeboardMega/lib/EEPROM" -I"/home/robert/devSpace/dueWorkspace/freeboardMega/lib/FlexiTimer2" -I"/home/robert/devSpace/dueWorkspace/freeboardMega/lib/JsonStream" -I"/home/robert/devSpace/dueWorkspace/freeboardMega/lib/Kangaroo" -I"/home/robert/devSpace/dueWorkspace/freeboardMega/lib/MemoryFree" -I"/home/robert/devSpace/dueWorkspace/freeboardMega/lib/MultiSerial" -I"/home/robert/devSpace/dueWorkspace/freeboardMega/lib/NMEA" -I"/home/robert/devSpace/dueWorkspace/freeboardMega/lib/PID_v1" -I"/home/robert/devSpace/dueWorkspace/freeboardMega/lib/PString" -I"/home/robert/devSpace/dueWorkspace/freeboardMega/lib/SPI" -MMD -MP -MF"lib/Kangaroo/KangarooReplyReceiver.cpp.d" -MT"lib/Kangaroo/KangarooReplyReceiver.cpp.d" -D__IN_ECLIPSE__=1 -x c++ "../lib/Kangaroo/KangarooReplyReceiver.cpp"  -o  "lib/Kangaroo/KangarooReplyReceiver.cpp.o"   -Wall
Finished building: ../lib/Kangaroo/KangarooReplyReceiver.cpp
 
Building file: ../lib/Kangaroo/KangarooSerial.cpp
Starting C++ compile
"/home/robert/dev/arduino-1.5.7/hardware/tools/avr/bin/avr-g++" -c -g -Os -fno-exceptions -ffunction-sections -fdata-sections -MMD -mmcu=atmega2560 -DF_CPU=16000000L -DARDUINO=157 -DARDUINO_AVR_MEGA2560 -DARDUINO_ARCH_AVR     -I"/home/robert/dev/arduino-1.5.7/hardware/arduino/avr/cores/arduino" -I"/home/robert/dev/arduino-1.5.7/hardware/arduino/avr/variants/mega" -I"/home/robert/devSpace/dueWorkspace/freeboardMega/lib/AltSoftSerial" -I"/home/robert/devSpace/dueWorkspace/freeboardMega/lib/AverageList" -I"/home/robert/devSpace/dueWorkspace/freeboardMega/lib/EEPROM" -I"/home/robert/devSpace/dueWorkspace/freeboardMega/lib/FlexiTimer2" -I"/home/robert/devSpace/dueWorkspace/freeboardMega/lib/JsonStream" -I"/home/robert/devSpace/dueWorkspace/freeboardMega/lib/Kangaroo" -I"/home/robert/devSpace/dueWorkspace/freeboardMega/lib/MemoryFree" -I"/home/robert/devSpace/dueWorkspace/freeboardMega/lib/MultiSerial" -I"/home/robert/devSpace/dueWorkspace/freeboardMega/lib/NMEA" -I"/home/robert/devSpace/dueWorkspace/freeboardMega/lib/PID_v1" -I"/home/robert/devSpace/dueWorkspace/freeboardMega/lib/PString" -I"/home/robert/devSpace/dueWorkspace/freeboardMega/lib/SPI" -MMD -MP -MF"lib/Kangaroo/KangarooSerial.cpp.d" -MT"lib/Kangaroo/KangarooSerial.cpp.d" -D__IN_ECLIPSE__=1 -x c++ "../lib/Kangaroo/KangarooSerial.cpp"  -o  "lib/Kangaroo/KangarooSerial.cpp.o"   -Wall
Finished building: ../lib/Kangaroo/KangarooSerial.cpp
 
Building file: ../lib/Kangaroo/KangarooStatus.cpp
Starting C++ compile
"/home/robert/dev/arduino-1.5.7/hardware/tools/avr/bin/avr-g++" -c -g -Os -fno-exceptions -ffunction-sections -fdata-sections -MMD -mmcu=atmega2560 -DF_CPU=16000000L -DARDUINO=157 -DARDUINO_AVR_MEGA2560 -DARDUINO_ARCH_AVR     -I"/home/robert/dev/arduino-1.5.7/hardware/arduino/avr/cores/arduino" -I"/home/robert/dev/arduino-1.5.7/hardware/arduino/avr/variants/mega" -I"/home/robert/devSpace/dueWorkspace/freeboardMega/lib/AltSoftSerial" -I"/home/robert/devSpace/dueWorkspace/freeboardMega/lib/AverageList" -I"/home/robert/devSpace/dueWorkspace/freeboardMega/lib/EEPROM" -I"/home/robert/devSpace/dueWorkspace/freeboardMega/lib/FlexiTimer2" -I"/home/robert/devSpace/dueWorkspace/freeboardMega/lib/JsonStream" -I"/home/robert/devSpace/dueWorkspace/freeboardMega/lib/Kangaroo" -I"/home/robert/devSpace/dueWorkspace/freeboardMega/lib/MemoryFree" -I"/home/robert/devSpace/dueWorkspace/freeboardMega/lib/MultiSerial" -I"/home/robert/devSpace/dueWorkspace/freeboardMega/lib/NMEA" -I"/home/robert/devSpace/dueWorkspace/freeboardMega/lib/PID_v1" -I"/home/robert/devSpace/dueWorkspace/freeboardMega/lib/PString" -I"/home/robert/devSpace/dueWorkspace/freeboardMega/lib/SPI" -MMD -MP -MF"lib/Kangaroo/KangarooStatus.cpp.d" -MT"lib/Kangaroo/KangarooStatus.cpp.d" -D__IN_ECLIPSE__=1 -x c++ "../lib/Kangaroo/KangarooStatus.cpp"  -o  "lib/Kangaroo/KangarooStatus.cpp.o"   -Wall
Finished building: ../lib/Kangaroo/KangarooStatus.cpp
 
Building file: ../lib/Kangaroo/KangarooTimeout.cpp
Starting C++ compile
"/home/robert/dev/arduino-1.5.7/hardware/tools/avr/bin/avr-g++" -c -g -Os -fno-exceptions -ffunction-sections -fdata-sections -MMD -mmcu=atmega2560 -DF_CPU=16000000L -DARDUINO=157 -DARDUINO_AVR_MEGA2560 -DARDUINO_ARCH_AVR     -I"/home/robert/dev/arduino-1.5.7/hardware/arduino/avr/cores/arduino" -I"/home/robert/dev/arduino-1.5.7/hardware/arduino/avr/variants/mega" -I"/home/robert/devSpace/dueWorkspace/freeboardMega/lib/AltSoftSerial" -I"/home/robert/devSpace/dueWorkspace/freeboardMega/lib/AverageList" -I"/home/robert/devSpace/dueWorkspace/freeboardMega/lib/EEPROM" -I"/home/robert/devSpace/dueWorkspace/freeboardMega/lib/FlexiTimer2" -I"/home/robert/devSpace/dueWorkspace/freeboardMega/lib/JsonStream" -I"/home/robert/devSpace/dueWorkspace/freeboardMega/lib/Kangaroo" -I"/home/robert/devSpace/dueWorkspace/freeboardMega/lib/MemoryFree" -I"/home/robert/devSpace/dueWorkspace/freeboardMega/lib/MultiSerial" -I"/home/robert/devSpace/dueWorkspace/freeboardMega/lib/NMEA" -I"/home/robert/devSpace/dueWorkspace/freeboardMega/lib/PID_v1" -I"/home/robert/devSpace/dueWorkspace/freeboardMega/lib/PString" -I"/home/robert/devSpace/dueWorkspace/freeboardMega/lib/SPI" -MMD -MP -MF"lib/Kangaroo/KangarooTimeout.cpp.d" -MT"lib/Kangaroo/KangarooTimeout.cpp.d" -D__IN_ECLIPSE__=1 -x c++ "../lib/Kangaroo/KangarooTimeout.cpp"  -o  "lib/Kangaroo/KangarooTimeout.cpp.o"   -Wall
Finished building: ../lib/Kangaroo/KangarooTimeout.cpp
 
Building file: ../lib/JsonStream/stream_json_reader.cpp
Starting C++ compile
"/home/robert/dev/arduino-1.5.7/hardware/tools/avr/bin/avr-g++" -c -g -Os -fno-exceptions -ffunction-sections -fdata-sections -MMD -mmcu=atmega2560 -DF_CPU=16000000L -DARDUINO=157 -DARDUINO_AVR_MEGA2560 -DARDUINO_ARCH_AVR     -I"/home/robert/dev/arduino-1.5.7/hardware/arduino/avr/cores/arduino" -I"/home/robert/dev/arduino-1.5.7/hardware/arduino/avr/variants/mega" -I"/home/robert/devSpace/dueWorkspace/freeboardMega/lib/AltSoftSerial" -I"/home/robert/devSpace/dueWorkspace/freeboardMega/lib/AverageList" -I"/home/robert/devSpace/dueWorkspace/freeboardMega/lib/EEPROM" -I"/home/robert/devSpace/dueWorkspace/freeboardMega/lib/FlexiTimer2" -I"/home/robert/devSpace/dueWorkspace/freeboardMega/lib/JsonStream" -I"/home/robert/devSpace/dueWorkspace/freeboardMega/lib/Kangaroo" -I"/home/robert/devSpace/dueWorkspace/freeboardMega/lib/MemoryFree" -I"/home/robert/devSpace/dueWorkspace/freeboardMega/lib/MultiSerial" -I"/home/robert/devSpace/dueWorkspace/freeboardMega/lib/NMEA" -I"/home/robert/devSpace/dueWorkspace/freeboardMega/lib/PID_v1" -I"/home/robert/devSpace/dueWorkspace/freeboardMega/lib/PString" -I"/home/robert/devSpace/dueWorkspace/freeboardMega/lib/SPI" -MMD -MP -MF"lib/JsonStream/stream_json_reader.cpp.d" -MT"lib/JsonStream/stream_json_reader.cpp.d" -D__IN_ECLIPSE__=1 -x c++ "../lib/JsonStream/stream_json_reader.cpp"  -o  "lib/JsonStream/stream_json_reader.cpp.o"   -Wall
In file included from ../lib/JsonStream/stream_json_reader.cpp:13:0:
../lib/JsonStream/stream_json_reader.h: In constructor 'stream_json_reader::StreamJsonReader::StreamJsonReader(HardwareSerial*, const char**, unsigned int, unsigned int, unsigned int, unsigned int)':
../lib/JsonStream/stream_json_reader.h:79:17: warning: 'stream_json_reader::StreamJsonReader::max_trace_size' will be initialized after [-Wreorder]
    unsigned int max_trace_size;
                 ^
../lib/JsonStream/stream_json_reader.h:77:17: warning:   'unsigned int stream_json_reader::StreamJsonReader::max_name_size' [-Wreorder]
    unsigned int max_name_size;
                 ^
../lib/JsonStream/stream_json_reader.cpp:24:2: warning:   when initialized here [-Wreorder]
  StreamJsonReader::StreamJsonReader(HardwareSerial* serial,
  ^
In file included from ../lib/JsonStream/stream_json_reader.cpp:13:0:
../lib/JsonStream/stream_json_reader.h:77:17: warning: 'stream_json_reader::StreamJsonReader::max_name_size' will be initialized after [-Wreorder]
    unsigned int max_name_size;
                 ^
../lib/JsonStream/stream_json_reader.h:46:14: warning:   'short int stream_json_reader::StreamJsonReader::realloc_increment' [-Wreorder]
    short int realloc_increment;
              ^
../lib/JsonStream/stream_json_reader.cpp:24:2: warning:   when initialized here [-Wreorder]
  StreamJsonReader::StreamJsonReader(HardwareSerial* serial,
  ^
In file included from ../lib/JsonStream/stream_json_reader.cpp:13:0:
../lib/JsonStream/stream_json_reader.h:83:8: warning: 'stream_json_reader::StreamJsonReader::found_results' will be initialized after [-Wreorder]
    int found_results;
        ^
../lib/JsonStream/stream_json_reader.h:81:9: warning:   'bool stream_json_reader::StreamJsonReader::ignore_node' [-Wreorder]
    bool ignore_node; // If user don't want current node, don't read child
         ^
../lib/JsonStream/stream_json_reader.cpp:24:2: warning:   when initialized here [-Wreorder]
  StreamJsonReader::StreamJsonReader(HardwareSerial* serial,
  ^
../lib/JsonStream/stream_json_reader.cpp: In member function 'unsigned int* stream_json_reader::StreamJsonReader::get_string_max_size(char*)':
../lib/JsonStream/stream_json_reader.cpp:395:10: warning: 'max_size' may be used uninitialized in this function [-Wmaybe-uninitialized]
   return max_size;
          ^
Finished building: ../lib/JsonStream/stream_json_reader.cpp
 
Building file: ../lib/FlexiTimer2/FlexiTimer2.cpp
Starting C++ compile
"/home/robert/dev/arduino-1.5.7/hardware/tools/avr/bin/avr-g++" -c -g -Os -fno-exceptions -ffunction-sections -fdata-sections -MMD -mmcu=atmega2560 -DF_CPU=16000000L -DARDUINO=157 -DARDUINO_AVR_MEGA2560 -DARDUINO_ARCH_AVR     -I"/home/robert/dev/arduino-1.5.7/hardware/arduino/avr/cores/arduino" -I"/home/robert/dev/arduino-1.5.7/hardware/arduino/avr/variants/mega" -I"/home/robert/devSpace/dueWorkspace/freeboardMega/lib/AltSoftSerial" -I"/home/robert/devSpace/dueWorkspace/freeboardMega/lib/AverageList" -I"/home/robert/devSpace/dueWorkspace/freeboardMega/lib/EEPROM" -I"/home/robert/devSpace/dueWorkspace/freeboardMega/lib/FlexiTimer2" -I"/home/robert/devSpace/dueWorkspace/freeboardMega/lib/JsonStream" -I"/home/robert/devSpace/dueWorkspace/freeboardMega/lib/Kangaroo" -I"/home/robert/devSpace/dueWorkspace/freeboardMega/lib/MemoryFree" -I"/home/robert/devSpace/dueWorkspace/freeboardMega/lib/MultiSerial" -I"/home/robert/devSpace/dueWorkspace/freeboardMega/lib/NMEA" -I"/home/robert/devSpace/dueWorkspace/freeboardMega/lib/PID_v1" -I"/home/robert/devSpace/dueWorkspace/freeboardMega/lib/PString" -I"/home/robert/devSpace/dueWorkspace/freeboardMega/lib/SPI" -MMD -MP -MF"lib/FlexiTimer2/FlexiTimer2.cpp.d" -MT"lib/FlexiTimer2/FlexiTimer2.cpp.d" -D__IN_ECLIPSE__=1 -x c++ "../lib/FlexiTimer2/FlexiTimer2.cpp"  -o  "lib/FlexiTimer2/FlexiTimer2.cpp.o"   -Wall
Finished building: ../lib/FlexiTimer2/FlexiTimer2.cpp
 
Building file: ../lib/EEPROM/EEPROM.cpp
Starting C++ compile
"/home/robert/dev/arduino-1.5.7/hardware/tools/avr/bin/avr-g++" -c -g -Os -fno-exceptions -ffunction-sections -fdata-sections -MMD -mmcu=atmega2560 -DF_CPU=16000000L -DARDUINO=157 -DARDUINO_AVR_MEGA2560 -DARDUINO_ARCH_AVR     -I"/home/robert/dev/arduino-1.5.7/hardware/arduino/avr/cores/arduino" -I"/home/robert/dev/arduino-1.5.7/hardware/arduino/avr/variants/mega" -I"/home/robert/devSpace/dueWorkspace/freeboardMega/lib/AltSoftSerial" -I"/home/robert/devSpace/dueWorkspace/freeboardMega/lib/AverageList" -I"/home/robert/devSpace/dueWorkspace/freeboardMega/lib/EEPROM" -I"/home/robert/devSpace/dueWorkspace/freeboardMega/lib/FlexiTimer2" -I"/home/robert/devSpace/dueWorkspace/freeboardMega/lib/JsonStream" -I"/home/robert/devSpace/dueWorkspace/freeboardMega/lib/Kangaroo" -I"/home/robert/devSpace/dueWorkspace/freeboardMega/lib/MemoryFree" -I"/home/robert/devSpace/dueWorkspace/freeboardMega/lib/MultiSerial" -I"/home/robert/devSpace/dueWorkspace/freeboardMega/lib/NMEA" -I"/home/robert/devSpace/dueWorkspace/freeboardMega/lib/PID_v1" -I"/home/robert/devSpace/dueWorkspace/freeboardMega/lib/PString" -I"/home/robert/devSpace/dueWorkspace/freeboardMega/lib/SPI" -MMD -MP -MF"lib/EEPROM/EEPROM.cpp.d" -MT"lib/EEPROM/EEPROM.cpp.d" -D__IN_ECLIPSE__=1 -x c++ "../lib/EEPROM/EEPROM.cpp"  -o  "lib/EEPROM/EEPROM.cpp.o"   -Wall
Finished building: ../lib/EEPROM/EEPROM.cpp
 
Building file: ../lib/AltSoftSerial/AltSoftSerial.cpp
Starting C++ compile
"/home/robert/dev/arduino-1.5.7/hardware/tools/avr/bin/avr-g++" -c -g -Os -fno-exceptions -ffunction-sections -fdata-sections -MMD -mmcu=atmega2560 -DF_CPU=16000000L -DARDUINO=157 -DARDUINO_AVR_MEGA2560 -DARDUINO_ARCH_AVR     -I"/home/robert/dev/arduino-1.5.7/hardware/arduino/avr/cores/arduino" -I"/home/robert/dev/arduino-1.5.7/hardware/arduino/avr/variants/mega" -I"/home/robert/devSpace/dueWorkspace/freeboardMega/lib/AltSoftSerial" -I"/home/robert/devSpace/dueWorkspace/freeboardMega/lib/AverageList" -I"/home/robert/devSpace/dueWorkspace/freeboardMega/lib/EEPROM" -I"/home/robert/devSpace/dueWorkspace/freeboardMega/lib/FlexiTimer2" -I"/home/robert/devSpace/dueWorkspace/freeboardMega/lib/JsonStream" -I"/home/robert/devSpace/dueWorkspace/freeboardMega/lib/Kangaroo" -I"/home/robert/devSpace/dueWorkspace/freeboardMega/lib/MemoryFree" -I"/home/robert/devSpace/dueWorkspace/freeboardMega/lib/MultiSerial" -I"/home/robert/devSpace/dueWorkspace/freeboardMega/lib/NMEA" -I"/home/robert/devSpace/dueWorkspace/freeboardMega/lib/PID_v1" -I"/home/robert/devSpace/dueWorkspace/freeboardMega/lib/PString" -I"/home/robert/devSpace/dueWorkspace/freeboardMega/lib/SPI" -MMD -MP -MF"lib/AltSoftSerial/AltSoftSerial.cpp.d" -MT"lib/AltSoftSerial/AltSoftSerial.cpp.d" -D__IN_ECLIPSE__=1 -x c++ "../lib/AltSoftSerial/AltSoftSerial.cpp"  -o  "lib/AltSoftSerial/AltSoftSerial.cpp.o"   -Wall
../lib/AltSoftSerial/AltSoftSerial.cpp: In function 'void __vector_46()':
../lib/AltSoftSerial/AltSoftSerial.cpp:186:20: warning: unused variable 'current' [-Wunused-variable]
  uint16_t capture, current;
                    ^
Finished building: ../lib/AltSoftSerial/AltSoftSerial.cpp
 
Building file: /home/robert/dev/arduino-1.5.7/hardware/arduino/avr/cores/arduino/HardwareSerial.cpp
Starting C++ compile
"/home/robert/dev/arduino-1.5.7/hardware/tools/avr/bin/avr-g++" -c -g -Os -fno-exceptions -ffunction-sections -fdata-sections -MMD -mmcu=atmega2560 -DF_CPU=16000000L -DARDUINO=157 -DARDUINO_AVR_MEGA2560 -DARDUINO_ARCH_AVR     -I"/home/robert/dev/arduino-1.5.7/hardware/arduino/avr/cores/arduino" -I"/home/robert/dev/arduino-1.5.7/hardware/arduino/avr/variants/mega" -I"/home/robert/devSpace/dueWorkspace/freeboardMega/lib/AltSoftSerial" -I"/home/robert/devSpace/dueWorkspace/freeboardMega/lib/AverageList" -I"/home/robert/devSpace/dueWorkspace/freeboardMega/lib/EEPROM" -I"/home/robert/devSpace/dueWorkspace/freeboardMega/lib/FlexiTimer2" -I"/home/robert/devSpace/dueWorkspace/freeboardMega/lib/JsonStream" -I"/home/robert/devSpace/dueWorkspace/freeboardMega/lib/Kangaroo" -I"/home/robert/devSpace/dueWorkspace/freeboardMega/lib/MemoryFree" -I"/home/robert/devSpace/dueWorkspace/freeboardMega/lib/MultiSerial" -I"/home/robert/devSpace/dueWorkspace/freeboardMega/lib/NMEA" -I"/home/robert/devSpace/dueWorkspace/freeboardMega/lib/PID_v1" -I"/home/robert/devSpace/dueWorkspace/freeboardMega/lib/PString" -I"/home/robert/devSpace/dueWorkspace/freeboardMega/lib/SPI" -MMD -MP -MF"arduino/HardwareSerial.cpp.d" -MT"arduino/HardwareSerial.cpp.d" -D__IN_ECLIPSE__=1 -x c++ "/home/robert/dev/arduino-1.5.7/hardware/arduino/avr/cores/arduino/HardwareSerial.cpp"  -o  "arduino/HardwareSerial.cpp.o"   -Wall
Finished building: /home/robert/dev/arduino-1.5.7/hardware/arduino/avr/cores/arduino/HardwareSerial.cpp
 
Building file: /home/robert/dev/arduino-1.5.7/hardware/arduino/avr/cores/arduino/CDC.cpp
Starting C++ compile
"/home/robert/dev/arduino-1.5.7/hardware/tools/avr/bin/avr-g++" -c -g -Os -fno-exceptions -ffunction-sections -fdata-sections -MMD -mmcu=atmega2560 -DF_CPU=16000000L -DARDUINO=157 -DARDUINO_AVR_MEGA2560 -DARDUINO_ARCH_AVR     -I"/home/robert/dev/arduino-1.5.7/hardware/arduino/avr/cores/arduino" -I"/home/robert/dev/arduino-1.5.7/hardware/arduino/avr/variants/mega" -I"/home/robert/devSpace/dueWorkspace/freeboardMega/lib/AltSoftSerial" -I"/home/robert/devSpace/dueWorkspace/freeboardMega/lib/AverageList" -I"/home/robert/devSpace/dueWorkspace/freeboardMega/lib/EEPROM" -I"/home/robert/devSpace/dueWorkspace/freeboardMega/lib/FlexiTimer2" -I"/home/robert/devSpace/dueWorkspace/freeboardMega/lib/JsonStream" -I"/home/robert/devSpace/dueWorkspace/freeboardMega/lib/Kangaroo" -I"/home/robert/devSpace/dueWorkspace/freeboardMega/lib/MemoryFree" -I"/home/robert/devSpace/dueWorkspace/freeboardMega/lib/MultiSerial" -I"/home/robert/devSpace/dueWorkspace/freeboardMega/lib/NMEA" -I"/home/robert/devSpace/dueWorkspace/freeboardMega/lib/PID_v1" -I"/home/robert/devSpace/dueWorkspace/freeboardMega/lib/PString" -I"/home/robert/devSpace/dueWorkspace/freeboardMega/lib/SPI" -MMD -MP -MF"arduino/CDC.cpp.d" -MT"arduino/CDC.cpp.d" -D__IN_ECLIPSE__=1 -x c++ "/home/robert/dev/arduino-1.5.7/hardware/arduino/avr/cores/arduino/CDC.cpp"  -o  "arduino/CDC.cpp.o"   -Wall
Finished building: /home/robert/dev/arduino-1.5.7/hardware/arduino/avr/cores/arduino/CDC.cpp
 
Building file: /home/robert/dev/arduino-1.5.7/hardware/arduino/avr/cores/arduino/HID.cpp
Starting C++ compile
"/home/robert/dev/arduino-1.5.7/hardware/tools/avr/bin/avr-g++" -c -g -Os -fno-exceptions -ffunction-sections -fdata-sections -MMD -mmcu=atmega2560 -DF_CPU=16000000L -DARDUINO=157 -DARDUINO_AVR_MEGA2560 -DARDUINO_ARCH_AVR     -I"/home/robert/dev/arduino-1.5.7/hardware/arduino/avr/cores/arduino" -I"/home/robert/dev/arduino-1.5.7/hardware/arduino/avr/variants/mega" -I"/home/robert/devSpace/dueWorkspace/freeboardMega/lib/AltSoftSerial" -I"/home/robert/devSpace/dueWorkspace/freeboardMega/lib/AverageList" -I"/home/robert/devSpace/dueWorkspace/freeboardMega/lib/EEPROM" -I"/home/robert/devSpace/dueWorkspace/freeboardMega/lib/FlexiTimer2" -I"/home/robert/devSpace/dueWorkspace/freeboardMega/lib/JsonStream" -I"/home/robert/devSpace/dueWorkspace/freeboardMega/lib/Kangaroo" -I"/home/robert/devSpace/dueWorkspace/freeboardMega/lib/MemoryFree" -I"/home/robert/devSpace/dueWorkspace/freeboardMega/lib/MultiSerial" -I"/home/robert/devSpace/dueWorkspace/freeboardMega/lib/NMEA" -I"/home/robert/devSpace/dueWorkspace/freeboardMega/lib/PID_v1" -I"/home/robert/devSpace/dueWorkspace/freeboardMega/lib/PString" -I"/home/robert/devSpace/dueWorkspace/freeboardMega/lib/SPI" -MMD -MP -MF"arduino/HID.cpp.d" -MT"arduino/HID.cpp.d" -D__IN_ECLIPSE__=1 -x c++ "/home/robert/dev/arduino-1.5.7/hardware/arduino/avr/cores/arduino/HID.cpp"  -o  "arduino/HID.cpp.o"   -Wall
Finished building: /home/robert/dev/arduino-1.5.7/hardware/arduino/avr/cores/arduino/HID.cpp
 
Building file: /home/robert/dev/arduino-1.5.7/hardware/arduino/avr/cores/arduino/HardwareSerial0.cpp
Starting C++ compile
"/home/robert/dev/arduino-1.5.7/hardware/tools/avr/bin/avr-g++" -c -g -Os -fno-exceptions -ffunction-sections -fdata-sections -MMD -mmcu=atmega2560 -DF_CPU=16000000L -DARDUINO=157 -DARDUINO_AVR_MEGA2560 -DARDUINO_ARCH_AVR     -I"/home/robert/dev/arduino-1.5.7/hardware/arduino/avr/cores/arduino" -I"/home/robert/dev/arduino-1.5.7/hardware/arduino/avr/variants/mega" -I"/home/robert/devSpace/dueWorkspace/freeboardMega/lib/AltSoftSerial" -I"/home/robert/devSpace/dueWorkspace/freeboardMega/lib/AverageList" -I"/home/robert/devSpace/dueWorkspace/freeboardMega/lib/EEPROM" -I"/home/robert/devSpace/dueWorkspace/freeboardMega/lib/FlexiTimer2" -I"/home/robert/devSpace/dueWorkspace/freeboardMega/lib/JsonStream" -I"/home/robert/devSpace/dueWorkspace/freeboardMega/lib/Kangaroo" -I"/home/robert/devSpace/dueWorkspace/freeboardMega/lib/MemoryFree" -I"/home/robert/devSpace/dueWorkspace/freeboardMega/lib/MultiSerial" -I"/home/robert/devSpace/dueWorkspace/freeboardMega/lib/NMEA" -I"/home/robert/devSpace/dueWorkspace/freeboardMega/lib/PID_v1" -I"/home/robert/devSpace/dueWorkspace/freeboardMega/lib/PString" -I"/home/robert/devSpace/dueWorkspace/freeboardMega/lib/SPI" -MMD -MP -MF"arduino/HardwareSerial0.cpp.d" -MT"arduino/HardwareSerial0.cpp.d" -D__IN_ECLIPSE__=1 -x c++ "/home/robert/dev/arduino-1.5.7/hardware/arduino/avr/cores/arduino/HardwareSerial0.cpp"  -o  "arduino/HardwareSerial0.cpp.o"   -Wall
Finished building: /home/robert/dev/arduino-1.5.7/hardware/arduino/avr/cores/arduino/HardwareSerial0.cpp
 
Building file: /home/robert/dev/arduino-1.5.7/hardware/arduino/avr/cores/arduino/HardwareSerial1.cpp
Starting C++ compile
"/home/robert/dev/arduino-1.5.7/hardware/tools/avr/bin/avr-g++" -c -g -Os -fno-exceptions -ffunction-sections -fdata-sections -MMD -mmcu=atmega2560 -DF_CPU=16000000L -DARDUINO=157 -DARDUINO_AVR_MEGA2560 -DARDUINO_ARCH_AVR     -I"/home/robert/dev/arduino-1.5.7/hardware/arduino/avr/cores/arduino" -I"/home/robert/dev/arduino-1.5.7/hardware/arduino/avr/variants/mega" -I"/home/robert/devSpace/dueWorkspace/freeboardMega/lib/AltSoftSerial" -I"/home/robert/devSpace/dueWorkspace/freeboardMega/lib/AverageList" -I"/home/robert/devSpace/dueWorkspace/freeboardMega/lib/EEPROM" -I"/home/robert/devSpace/dueWorkspace/freeboardMega/lib/FlexiTimer2" -I"/home/robert/devSpace/dueWorkspace/freeboardMega/lib/JsonStream" -I"/home/robert/devSpace/dueWorkspace/freeboardMega/lib/Kangaroo" -I"/home/robert/devSpace/dueWorkspace/freeboardMega/lib/MemoryFree" -I"/home/robert/devSpace/dueWorkspace/freeboardMega/lib/MultiSerial" -I"/home/robert/devSpace/dueWorkspace/freeboardMega/lib/NMEA" -I"/home/robert/devSpace/dueWorkspace/freeboardMega/lib/PID_v1" -I"/home/robert/devSpace/dueWorkspace/freeboardMega/lib/PString" -I"/home/robert/devSpace/dueWorkspace/freeboardMega/lib/SPI" -MMD -MP -MF"arduino/HardwareSerial1.cpp.d" -MT"arduino/HardwareSerial1.cpp.d" -D__IN_ECLIPSE__=1 -x c++ "/home/robert/dev/arduino-1.5.7/hardware/arduino/avr/cores/arduino/HardwareSerial1.cpp"  -o  "arduino/HardwareSerial1.cpp.o"   -Wall
Finished building: /home/robert/dev/arduino-1.5.7/hardware/arduino/avr/cores/arduino/HardwareSerial1.cpp
 
Building file: /home/robert/dev/arduino-1.5.7/hardware/arduino/avr/cores/arduino/HardwareSerial2.cpp
Starting C++ compile
"/home/robert/dev/arduino-1.5.7/hardware/tools/avr/bin/avr-g++" -c -g -Os -fno-exceptions -ffunction-sections -fdata-sections -MMD -mmcu=atmega2560 -DF_CPU=16000000L -DARDUINO=157 -DARDUINO_AVR_MEGA2560 -DARDUINO_ARCH_AVR     -I"/home/robert/dev/arduino-1.5.7/hardware/arduino/avr/cores/arduino" -I"/home/robert/dev/arduino-1.5.7/hardware/arduino/avr/variants/mega" -I"/home/robert/devSpace/dueWorkspace/freeboardMega/lib/AltSoftSerial" -I"/home/robert/devSpace/dueWorkspace/freeboardMega/lib/AverageList" -I"/home/robert/devSpace/dueWorkspace/freeboardMega/lib/EEPROM" -I"/home/robert/devSpace/dueWorkspace/freeboardMega/lib/FlexiTimer2" -I"/home/robert/devSpace/dueWorkspace/freeboardMega/lib/JsonStream" -I"/home/robert/devSpace/dueWorkspace/freeboardMega/lib/Kangaroo" -I"/home/robert/devSpace/dueWorkspace/freeboardMega/lib/MemoryFree" -I"/home/robert/devSpace/dueWorkspace/freeboardMega/lib/MultiSerial" -I"/home/robert/devSpace/dueWorkspace/freeboardMega/lib/NMEA" -I"/home/robert/devSpace/dueWorkspace/freeboardMega/lib/PID_v1" -I"/home/robert/devSpace/dueWorkspace/freeboardMega/lib/PString" -I"/home/robert/devSpace/dueWorkspace/freeboardMega/lib/SPI" -MMD -MP -MF"arduino/HardwareSerial2.cpp.d" -MT"arduino/HardwareSerial2.cpp.d" -D__IN_ECLIPSE__=1 -x c++ "/home/robert/dev/arduino-1.5.7/hardware/arduino/avr/cores/arduino/HardwareSerial2.cpp"  -o  "arduino/HardwareSerial2.cpp.o"   -Wall
Finished building: /home/robert/dev/arduino-1.5.7/hardware/arduino/avr/cores/arduino/HardwareSerial2.cpp
 
Building file: /home/robert/dev/arduino-1.5.7/hardware/arduino/avr/cores/arduino/HardwareSerial3.cpp
Starting C++ compile
"/home/robert/dev/arduino-1.5.7/hardware/tools/avr/bin/avr-g++" -c -g -Os -fno-exceptions -ffunction-sections -fdata-sections -MMD -mmcu=atmega2560 -DF_CPU=16000000L -DARDUINO=157 -DARDUINO_AVR_MEGA2560 -DARDUINO_ARCH_AVR     -I"/home/robert/dev/arduino-1.5.7/hardware/arduino/avr/cores/arduino" -I"/home/robert/dev/arduino-1.5.7/hardware/arduino/avr/variants/mega" -I"/home/robert/devSpace/dueWorkspace/freeboardMega/lib/AltSoftSerial" -I"/home/robert/devSpace/dueWorkspace/freeboardMega/lib/AverageList" -I"/home/robert/devSpace/dueWorkspace/freeboardMega/lib/EEPROM" -I"/home/robert/devSpace/dueWorkspace/freeboardMega/lib/FlexiTimer2" -I"/home/robert/devSpace/dueWorkspace/freeboardMega/lib/JsonStream" -I"/home/robert/devSpace/dueWorkspace/freeboardMega/lib/Kangaroo" -I"/home/robert/devSpace/dueWorkspace/freeboardMega/lib/MemoryFree" -I"/home/robert/devSpace/dueWorkspace/freeboardMega/lib/MultiSerial" -I"/home/robert/devSpace/dueWorkspace/freeboardMega/lib/NMEA" -I"/home/robert/devSpace/dueWorkspace/freeboardMega/lib/PID_v1" -I"/home/robert/devSpace/dueWorkspace/freeboardMega/lib/PString" -I"/home/robert/devSpace/dueWorkspace/freeboardMega/lib/SPI" -MMD -MP -MF"arduino/HardwareSerial3.cpp.d" -MT"arduino/HardwareSerial3.cpp.d" -D__IN_ECLIPSE__=1 -x c++ "/home/robert/dev/arduino-1.5.7/hardware/arduino/avr/cores/arduino/HardwareSerial3.cpp"  -o  "arduino/HardwareSerial3.cpp.o"   -Wall
Finished building: /home/robert/dev/arduino-1.5.7/hardware/arduino/avr/cores/arduino/HardwareSerial3.cpp
 
Building file: /home/robert/dev/arduino-1.5.7/hardware/arduino/avr/cores/arduino/IPAddress.cpp
Starting C++ compile
"/home/robert/dev/arduino-1.5.7/hardware/tools/avr/bin/avr-g++" -c -g -Os -fno-exceptions -ffunction-sections -fdata-sections -MMD -mmcu=atmega2560 -DF_CPU=16000000L -DARDUINO=157 -DARDUINO_AVR_MEGA2560 -DARDUINO_ARCH_AVR     -I"/home/robert/dev/arduino-1.5.7/hardware/arduino/avr/cores/arduino" -I"/home/robert/dev/arduino-1.5.7/hardware/arduino/avr/variants/mega" -I"/home/robert/devSpace/dueWorkspace/freeboardMega/lib/AltSoftSerial" -I"/home/robert/devSpace/dueWorkspace/freeboardMega/lib/AverageList" -I"/home/robert/devSpace/dueWorkspace/freeboardMega/lib/EEPROM" -I"/home/robert/devSpace/dueWorkspace/freeboardMega/lib/FlexiTimer2" -I"/home/robert/devSpace/dueWorkspace/freeboardMega/lib/JsonStream" -I"/home/robert/devSpace/dueWorkspace/freeboardMega/lib/Kangaroo" -I"/home/robert/devSpace/dueWorkspace/freeboardMega/lib/MemoryFree" -I"/home/robert/devSpace/dueWorkspace/freeboardMega/lib/MultiSerial" -I"/home/robert/devSpace/dueWorkspace/freeboardMega/lib/NMEA" -I"/home/robert/devSpace/dueWorkspace/freeboardMega/lib/PID_v1" -I"/home/robert/devSpace/dueWorkspace/freeboardMega/lib/PString" -I"/home/robert/devSpace/dueWorkspace/freeboardMega/lib/SPI" -MMD -MP -MF"arduino/IPAddress.cpp.d" -MT"arduino/IPAddress.cpp.d" -D__IN_ECLIPSE__=1 -x c++ "/home/robert/dev/arduino-1.5.7/hardware/arduino/avr/cores/arduino/IPAddress.cpp"  -o  "arduino/IPAddress.cpp.o"   -Wall
Finished building: /home/robert/dev/arduino-1.5.7/hardware/arduino/avr/cores/arduino/IPAddress.cpp
 
Building file: /home/robert/dev/arduino-1.5.7/hardware/arduino/avr/cores/arduino/Print.cpp
Starting C++ compile
"/home/robert/dev/arduino-1.5.7/hardware/tools/avr/bin/avr-g++" -c -g -Os -fno-exceptions -ffunction-sections -fdata-sections -MMD -mmcu=atmega2560 -DF_CPU=16000000L -DARDUINO=157 -DARDUINO_AVR_MEGA2560 -DARDUINO_ARCH_AVR     -I"/home/robert/dev/arduino-1.5.7/hardware/arduino/avr/cores/arduino" -I"/home/robert/dev/arduino-1.5.7/hardware/arduino/avr/variants/mega" -I"/home/robert/devSpace/dueWorkspace/freeboardMega/lib/AltSoftSerial" -I"/home/robert/devSpace/dueWorkspace/freeboardMega/lib/AverageList" -I"/home/robert/devSpace/dueWorkspace/freeboardMega/lib/EEPROM" -I"/home/robert/devSpace/dueWorkspace/freeboardMega/lib/FlexiTimer2" -I"/home/robert/devSpace/dueWorkspace/freeboardMega/lib/JsonStream" -I"/home/robert/devSpace/dueWorkspace/freeboardMega/lib/Kangaroo" -I"/home/robert/devSpace/dueWorkspace/freeboardMega/lib/MemoryFree" -I"/home/robert/devSpace/dueWorkspace/freeboardMega/lib/MultiSerial" -I"/home/robert/devSpace/dueWorkspace/freeboardMega/lib/NMEA" -I"/home/robert/devSpace/dueWorkspace/freeboardMega/lib/PID_v1" -I"/home/robert/devSpace/dueWorkspace/freeboardMega/lib/PString" -I"/home/robert/devSpace/dueWorkspace/freeboardMega/lib/SPI" -MMD -MP -MF"arduino/Print.cpp.d" -MT"arduino/Print.cpp.d" -D__IN_ECLIPSE__=1 -x c++ "/home/robert/dev/arduino-1.5.7/hardware/arduino/avr/cores/arduino/Print.cpp"  -o  "arduino/Print.cpp.o"   -Wall
Finished building: /home/robert/dev/arduino-1.5.7/hardware/arduino/avr/cores/arduino/Print.cpp
 
Building file: /home/robert/dev/arduino-1.5.7/hardware/arduino/avr/cores/arduino/Stream.cpp
Starting C++ compile
"/home/robert/dev/arduino-1.5.7/hardware/tools/avr/bin/avr-g++" -c -g -Os -fno-exceptions -ffunction-sections -fdata-sections -MMD -mmcu=atmega2560 -DF_CPU=16000000L -DARDUINO=157 -DARDUINO_AVR_MEGA2560 -DARDUINO_ARCH_AVR     -I"/home/robert/dev/arduino-1.5.7/hardware/arduino/avr/cores/arduino" -I"/home/robert/dev/arduino-1.5.7/hardware/arduino/avr/variants/mega" -I"/home/robert/devSpace/dueWorkspace/freeboardMega/lib/AltSoftSerial" -I"/home/robert/devSpace/dueWorkspace/freeboardMega/lib/AverageList" -I"/home/robert/devSpace/dueWorkspace/freeboardMega/lib/EEPROM" -I"/home/robert/devSpace/dueWorkspace/freeboardMega/lib/FlexiTimer2" -I"/home/robert/devSpace/dueWorkspace/freeboardMega/lib/JsonStream" -I"/home/robert/devSpace/dueWorkspace/freeboardMega/lib/Kangaroo" -I"/home/robert/devSpace/dueWorkspace/freeboardMega/lib/MemoryFree" -I"/home/robert/devSpace/dueWorkspace/freeboardMega/lib/MultiSerial" -I"/home/robert/devSpace/dueWorkspace/freeboardMega/lib/NMEA" -I"/home/robert/devSpace/dueWorkspace/freeboardMega/lib/PID_v1" -I"/home/robert/devSpace/dueWorkspace/freeboardMega/lib/PString" -I"/home/robert/devSpace/dueWorkspace/freeboardMega/lib/SPI" -MMD -MP -MF"arduino/Stream.cpp.d" -MT"arduino/Stream.cpp.d" -D__IN_ECLIPSE__=1 -x c++ "/home/robert/dev/arduino-1.5.7/hardware/arduino/avr/cores/arduino/Stream.cpp"  -o  "arduino/Stream.cpp.o"   -Wall
/home/robert/dev/arduino-1.5.7/hardware/arduino/avr/cores/arduino/Stream.cpp: In member function 'bool Stream::find(char*)':
/home/robert/dev/arduino-1.5.7/hardware/arduino/avr/cores/arduino/Stream.cpp:78:30: warning: deprecated conversion from string constant to 'char*' [-Wwrite-strings]
   return findUntil(target, "");
                              ^
Finished building: /home/robert/dev/arduino-1.5.7/hardware/arduino/avr/cores/arduino/Stream.cpp
 
Building file: /home/robert/dev/arduino-1.5.7/hardware/arduino/avr/cores/arduino/Tone.cpp
Starting C++ compile
"/home/robert/dev/arduino-1.5.7/hardware/tools/avr/bin/avr-g++" -c -g -Os -fno-exceptions -ffunction-sections -fdata-sections -MMD -mmcu=atmega2560 -DF_CPU=16000000L -DARDUINO=157 -DARDUINO_AVR_MEGA2560 -DARDUINO_ARCH_AVR     -I"/home/robert/dev/arduino-1.5.7/hardware/arduino/avr/cores/arduino" -I"/home/robert/dev/arduino-1.5.7/hardware/arduino/avr/variants/mega" -I"/home/robert/devSpace/dueWorkspace/freeboardMega/lib/AltSoftSerial" -I"/home/robert/devSpace/dueWorkspace/freeboardMega/lib/AverageList" -I"/home/robert/devSpace/dueWorkspace/freeboardMega/lib/EEPROM" -I"/home/robert/devSpace/dueWorkspace/freeboardMega/lib/FlexiTimer2" -I"/home/robert/devSpace/dueWorkspace/freeboardMega/lib/JsonStream" -I"/home/robert/devSpace/dueWorkspace/freeboardMega/lib/Kangaroo" -I"/home/robert/devSpace/dueWorkspace/freeboardMega/lib/MemoryFree" -I"/home/robert/devSpace/dueWorkspace/freeboardMega/lib/MultiSerial" -I"/home/robert/devSpace/dueWorkspace/freeboardMega/lib/NMEA" -I"/home/robert/devSpace/dueWorkspace/freeboardMega/lib/PID_v1" -I"/home/robert/devSpace/dueWorkspace/freeboardMega/lib/PString" -I"/home/robert/devSpace/dueWorkspace/freeboardMega/lib/SPI" -MMD -MP -MF"arduino/Tone.cpp.d" -MT"arduino/Tone.cpp.d" -D__IN_ECLIPSE__=1 -x c++ "/home/robert/dev/arduino-1.5.7/hardware/arduino/avr/cores/arduino/Tone.cpp"  -o  "arduino/Tone.cpp.o"   -Wall
Finished building: /home/robert/dev/arduino-1.5.7/hardware/arduino/avr/cores/arduino/Tone.cpp
 
Building file: /home/robert/dev/arduino-1.5.7/hardware/arduino/avr/cores/arduino/USBCore.cpp
Starting C++ compile
"/home/robert/dev/arduino-1.5.7/hardware/tools/avr/bin/avr-g++" -c -g -Os -fno-exceptions -ffunction-sections -fdata-sections -MMD -mmcu=atmega2560 -DF_CPU=16000000L -DARDUINO=157 -DARDUINO_AVR_MEGA2560 -DARDUINO_ARCH_AVR     -I"/home/robert/dev/arduino-1.5.7/hardware/arduino/avr/cores/arduino" -I"/home/robert/dev/arduino-1.5.7/hardware/arduino/avr/variants/mega" -I"/home/robert/devSpace/dueWorkspace/freeboardMega/lib/AltSoftSerial" -I"/home/robert/devSpace/dueWorkspace/freeboardMega/lib/AverageList" -I"/home/robert/devSpace/dueWorkspace/freeboardMega/lib/EEPROM" -I"/home/robert/devSpace/dueWorkspace/freeboardMega/lib/FlexiTimer2" -I"/home/robert/devSpace/dueWorkspace/freeboardMega/lib/JsonStream" -I"/home/robert/devSpace/dueWorkspace/freeboardMega/lib/Kangaroo" -I"/home/robert/devSpace/dueWorkspace/freeboardMega/lib/MemoryFree" -I"/home/robert/devSpace/dueWorkspace/freeboardMega/lib/MultiSerial" -I"/home/robert/devSpace/dueWorkspace/freeboardMega/lib/NMEA" -I"/home/robert/devSpace/dueWorkspace/freeboardMega/lib/PID_v1" -I"/home/robert/devSpace/dueWorkspace/freeboardMega/lib/PString" -I"/home/robert/devSpace/dueWorkspace/freeboardMega/lib/SPI" -MMD -MP -MF"arduino/USBCore.cpp.d" -MT"arduino/USBCore.cpp.d" -D__IN_ECLIPSE__=1 -x c++ "/home/robert/dev/arduino-1.5.7/hardware/arduino/avr/cores/arduino/USBCore.cpp"  -o  "arduino/USBCore.cpp.o"   -Wall
Finished building: /home/robert/dev/arduino-1.5.7/hardware/arduino/avr/cores/arduino/USBCore.cpp
 
Building file: /home/robert/dev/arduino-1.5.7/hardware/arduino/avr/cores/arduino/WInterrupts.c
Starting C compile
"/home/robert/dev/arduino-1.5.7/hardware/tools/avr/bin/avr-gcc" -c -g -Os -ffunction-sections -fdata-sections -MMD -mmcu=atmega2560 -DF_CPU=16000000L -DARDUINO=157 -DARDUINO_AVR_MEGA2560 -DARDUINO_ARCH_AVR     -I"/home/robert/dev/arduino-1.5.7/hardware/arduino/avr/cores/arduino" -I"/home/robert/dev/arduino-1.5.7/hardware/arduino/avr/variants/mega" -MMD -MP -MF"arduino/WInterrupts.c.d" -MT"arduino/WInterrupts.c.d" -D__IN_ECLIPSE__=1 "/home/robert/dev/arduino-1.5.7/hardware/arduino/avr/cores/arduino/WInterrupts.c"  -o  "arduino/WInterrupts.c.o"   -Wall
Finished building: /home/robert/dev/arduino-1.5.7/hardware/arduino/avr/cores/arduino/WInterrupts.c
 
Building file: /home/robert/dev/arduino-1.5.7/hardware/arduino/avr/cores/arduino/WMath.cpp
Starting C++ compile
"/home/robert/dev/arduino-1.5.7/hardware/tools/avr/bin/avr-g++" -c -g -Os -fno-exceptions -ffunction-sections -fdata-sections -MMD -mmcu=atmega2560 -DF_CPU=16000000L -DARDUINO=157 -DARDUINO_AVR_MEGA2560 -DARDUINO_ARCH_AVR     -I"/home/robert/dev/arduino-1.5.7/hardware/arduino/avr/cores/arduino" -I"/home/robert/dev/arduino-1.5.7/hardware/arduino/avr/variants/mega" -I"/home/robert/devSpace/dueWorkspace/freeboardMega/lib/AltSoftSerial" -I"/home/robert/devSpace/dueWorkspace/freeboardMega/lib/AverageList" -I"/home/robert/devSpace/dueWorkspace/freeboardMega/lib/EEPROM" -I"/home/robert/devSpace/dueWorkspace/freeboardMega/lib/FlexiTimer2" -I"/home/robert/devSpace/dueWorkspace/freeboardMega/lib/JsonStream" -I"/home/robert/devSpace/dueWorkspace/freeboardMega/lib/Kangaroo" -I"/home/robert/devSpace/dueWorkspace/freeboardMega/lib/MemoryFree" -I"/home/robert/devSpace/dueWorkspace/freeboardMega/lib/MultiSerial" -I"/home/robert/devSpace/dueWorkspace/freeboardMega/lib/NMEA" -I"/home/robert/devSpace/dueWorkspace/freeboardMega/lib/PID_v1" -I"/home/robert/devSpace/dueWorkspace/freeboardMega/lib/PString" -I"/home/robert/devSpace/dueWorkspace/freeboardMega/lib/SPI" -MMD -MP -MF"arduino/WMath.cpp.d" -MT"arduino/WMath.cpp.d" -D__IN_ECLIPSE__=1 -x c++ "/home/robert/dev/arduino-1.5.7/hardware/arduino/avr/cores/arduino/WMath.cpp"  -o  "arduino/WMath.cpp.o"   -Wall
Finished building: /home/robert/dev/arduino-1.5.7/hardware/arduino/avr/cores/arduino/WMath.cpp
 
Building file: /home/robert/dev/arduino-1.5.7/hardware/arduino/avr/cores/arduino/WString.cpp
Starting C++ compile
"/home/robert/dev/arduino-1.5.7/hardware/tools/avr/bin/avr-g++" -c -g -Os -fno-exceptions -ffunction-sections -fdata-sections -MMD -mmcu=atmega2560 -DF_CPU=16000000L -DARDUINO=157 -DARDUINO_AVR_MEGA2560 -DARDUINO_ARCH_AVR     -I"/home/robert/dev/arduino-1.5.7/hardware/arduino/avr/cores/arduino" -I"/home/robert/dev/arduino-1.5.7/hardware/arduino/avr/variants/mega" -I"/home/robert/devSpace/dueWorkspace/freeboardMega/lib/AltSoftSerial" -I"/home/robert/devSpace/dueWorkspace/freeboardMega/lib/AverageList" -I"/home/robert/devSpace/dueWorkspace/freeboardMega/lib/EEPROM" -I"/home/robert/devSpace/dueWorkspace/freeboardMega/lib/FlexiTimer2" -I"/home/robert/devSpace/dueWorkspace/freeboardMega/lib/JsonStream" -I"/home/robert/devSpace/dueWorkspace/freeboardMega/lib/Kangaroo" -I"/home/robert/devSpace/dueWorkspace/freeboardMega/lib/MemoryFree" -I"/home/robert/devSpace/dueWorkspace/freeboardMega/lib/MultiSerial" -I"/home/robert/devSpace/dueWorkspace/freeboardMega/lib/NMEA" -I"/home/robert/devSpace/dueWorkspace/freeboardMega/lib/PID_v1" -I"/home/robert/devSpace/dueWorkspace/freeboardMega/lib/PString" -I"/home/robert/devSpace/dueWorkspace/freeboardMega/lib/SPI" -MMD -MP -MF"arduino/WString.cpp.d" -MT"arduino/WString.cpp.d" -D__IN_ECLIPSE__=1 -x c++ "/home/robert/dev/arduino-1.5.7/hardware/arduino/avr/cores/arduino/WString.cpp"  -o  "arduino/WString.cpp.o"   -Wall
Finished building: /home/robert/dev/arduino-1.5.7/hardware/arduino/avr/cores/arduino/WString.cpp
 
Building file: /home/robert/dev/arduino-1.5.7/hardware/arduino/avr/cores/arduino/hooks.c
Starting C compile
"/home/robert/dev/arduino-1.5.7/hardware/tools/avr/bin/avr-gcc" -c -g -Os -ffunction-sections -fdata-sections -MMD -mmcu=atmega2560 -DF_CPU=16000000L -DARDUINO=157 -DARDUINO_AVR_MEGA2560 -DARDUINO_ARCH_AVR     -I"/home/robert/dev/arduino-1.5.7/hardware/arduino/avr/cores/arduino" -I"/home/robert/dev/arduino-1.5.7/hardware/arduino/avr/variants/mega" -MMD -MP -MF"arduino/hooks.c.d" -MT"arduino/hooks.c.d" -D__IN_ECLIPSE__=1 "/home/robert/dev/arduino-1.5.7/hardware/arduino/avr/cores/arduino/hooks.c"  -o  "arduino/hooks.c.o"   -Wall
Finished building: /home/robert/dev/arduino-1.5.7/hardware/arduino/avr/cores/arduino/hooks.c
 
Building file: /home/robert/dev/arduino-1.5.7/hardware/arduino/avr/cores/arduino/main.cpp
Starting C++ compile
"/home/robert/dev/arduino-1.5.7/hardware/tools/avr/bin/avr-g++" -c -g -Os -fno-exceptions -ffunction-sections -fdata-sections -MMD -mmcu=atmega2560 -DF_CPU=16000000L -DARDUINO=157 -DARDUINO_AVR_MEGA2560 -DARDUINO_ARCH_AVR     -I"/home/robert/dev/arduino-1.5.7/hardware/arduino/avr/cores/arduino" -I"/home/robert/dev/arduino-1.5.7/hardware/arduino/avr/variants/mega" -I"/home/robert/devSpace/dueWorkspace/freeboardMega/lib/AltSoftSerial" -I"/home/robert/devSpace/dueWorkspace/freeboardMega/lib/AverageList" -I"/home/robert/devSpace/dueWorkspace/freeboardMega/lib/EEPROM" -I"/home/robert/devSpace/dueWorkspace/freeboardMega/lib/FlexiTimer2" -I"/home/robert/devSpace/dueWorkspace/freeboardMega/lib/JsonStream" -I"/home/robert/devSpace/dueWorkspace/freeboardMega/lib/Kangaroo" -I"/home/robert/devSpace/dueWorkspace/freeboardMega/lib/MemoryFree" -I"/home/robert/devSpace/dueWorkspace/freeboardMega/lib/MultiSerial" -I"/home/robert/devSpace/dueWorkspace/freeboardMega/lib/NMEA" -I"/home/robert/devSpace/dueWorkspace/freeboardMega/lib/PID_v1" -I"/home/robert/devSpace/dueWorkspace/freeboardMega/lib/PString" -I"/home/robert/devSpace/dueWorkspace/freeboardMega/lib/SPI" -MMD -MP -MF"arduino/main.cpp.d" -MT"arduino/main.cpp.d" -D__IN_ECLIPSE__=1 -x c++ "/home/robert/dev/arduino-1.5.7/hardware/arduino/avr/cores/arduino/main.cpp"  -o  "arduino/main.cpp.o"   -Wall
Finished building: /home/robert/dev/arduino-1.5.7/hardware/arduino/avr/cores/arduino/main.cpp
 
Building file: /home/robert/dev/arduino-1.5.7/hardware/arduino/avr/cores/arduino/new.cpp
Starting C++ compile
"/home/robert/dev/arduino-1.5.7/hardware/tools/avr/bin/avr-g++" -c -g -Os -fno-exceptions -ffunction-sections -fdata-sections -MMD -mmcu=atmega2560 -DF_CPU=16000000L -DARDUINO=157 -DARDUINO_AVR_MEGA2560 -DARDUINO_ARCH_AVR     -I"/home/robert/dev/arduino-1.5.7/hardware/arduino/avr/cores/arduino" -I"/home/robert/dev/arduino-1.5.7/hardware/arduino/avr/variants/mega" -I"/home/robert/devSpace/dueWorkspace/freeboardMega/lib/AltSoftSerial" -I"/home/robert/devSpace/dueWorkspace/freeboardMega/lib/AverageList" -I"/home/robert/devSpace/dueWorkspace/freeboardMega/lib/EEPROM" -I"/home/robert/devSpace/dueWorkspace/freeboardMega/lib/FlexiTimer2" -I"/home/robert/devSpace/dueWorkspace/freeboardMega/lib/JsonStream" -I"/home/robert/devSpace/dueWorkspace/freeboardMega/lib/Kangaroo" -I"/home/robert/devSpace/dueWorkspace/freeboardMega/lib/MemoryFree" -I"/home/robert/devSpace/dueWorkspace/freeboardMega/lib/MultiSerial" -I"/home/robert/devSpace/dueWorkspace/freeboardMega/lib/NMEA" -I"/home/robert/devSpace/dueWorkspace/freeboardMega/lib/PID_v1" -I"/home/robert/devSpace/dueWorkspace/freeboardMega/lib/PString" -I"/home/robert/devSpace/dueWorkspace/freeboardMega/lib/SPI" -MMD -MP -MF"arduino/new.cpp.d" -MT"arduino/new.cpp.d" -D__IN_ECLIPSE__=1 -x c++ "/home/robert/dev/arduino-1.5.7/hardware/arduino/avr/cores/arduino/new.cpp"  -o  "arduino/new.cpp.o"   -Wall
Finished building: /home/robert/dev/arduino-1.5.7/hardware/arduino/avr/cores/arduino/new.cpp
 
Building file: /home/robert/dev/arduino-1.5.7/hardware/arduino/avr/cores/arduino/wiring.c
Starting C compile
"/home/robert/dev/arduino-1.5.7/hardware/tools/avr/bin/avr-gcc" -c -g -Os -ffunction-sections -fdata-sections -MMD -mmcu=atmega2560 -DF_CPU=16000000L -DARDUINO=157 -DARDUINO_AVR_MEGA2560 -DARDUINO_ARCH_AVR     -I"/home/robert/dev/arduino-1.5.7/hardware/arduino/avr/cores/arduino" -I"/home/robert/dev/arduino-1.5.7/hardware/arduino/avr/variants/mega" -MMD -MP -MF"arduino/wiring.c.d" -MT"arduino/wiring.c.d" -D__IN_ECLIPSE__=1 "/home/robert/dev/arduino-1.5.7/hardware/arduino/avr/cores/arduino/wiring.c"  -o  "arduino/wiring.c.o"   -Wall
Finished building: /home/robert/dev/arduino-1.5.7/hardware/arduino/avr/cores/arduino/wiring.c
 
Building file: /home/robert/dev/arduino-1.5.7/hardware/arduino/avr/cores/arduino/wiring_analog.c
Starting C compile
"/home/robert/dev/arduino-1.5.7/hardware/tools/avr/bin/avr-gcc" -c -g -Os -ffunction-sections -fdata-sections -MMD -mmcu=atmega2560 -DF_CPU=16000000L -DARDUINO=157 -DARDUINO_AVR_MEGA2560 -DARDUINO_ARCH_AVR     -I"/home/robert/dev/arduino-1.5.7/hardware/arduino/avr/cores/arduino" -I"/home/robert/dev/arduino-1.5.7/hardware/arduino/avr/variants/mega" -MMD -MP -MF"arduino/wiring_analog.c.d" -MT"arduino/wiring_analog.c.d" -D__IN_ECLIPSE__=1 "/home/robert/dev/arduino-1.5.7/hardware/arduino/avr/cores/arduino/wiring_analog.c"  -o  "arduino/wiring_analog.c.o"   -Wall
Finished building: /home/robert/dev/arduino-1.5.7/hardware/arduino/avr/cores/arduino/wiring_analog.c
 
Building file: /home/robert/dev/arduino-1.5.7/hardware/arduino/avr/cores/arduino/wiring_digital.c
Starting C compile
"/home/robert/dev/arduino-1.5.7/hardware/tools/avr/bin/avr-gcc" -c -g -Os -ffunction-sections -fdata-sections -MMD -mmcu=atmega2560 -DF_CPU=16000000L -DARDUINO=157 -DARDUINO_AVR_MEGA2560 -DARDUINO_ARCH_AVR     -I"/home/robert/dev/arduino-1.5.7/hardware/arduino/avr/cores/arduino" -I"/home/robert/dev/arduino-1.5.7/hardware/arduino/avr/variants/mega" -MMD -MP -MF"arduino/wiring_digital.c.d" -MT"arduino/wiring_digital.c.d" -D__IN_ECLIPSE__=1 "/home/robert/dev/arduino-1.5.7/hardware/arduino/avr/cores/arduino/wiring_digital.c"  -o  "arduino/wiring_digital.c.o"   -Wall
Finished building: /home/robert/dev/arduino-1.5.7/hardware/arduino/avr/cores/arduino/wiring_digital.c
 
Building file: /home/robert/dev/arduino-1.5.7/hardware/arduino/avr/cores/arduino/wiring_pulse.c
Starting C compile
"/home/robert/dev/arduino-1.5.7/hardware/tools/avr/bin/avr-gcc" -c -g -Os -ffunction-sections -fdata-sections -MMD -mmcu=atmega2560 -DF_CPU=16000000L -DARDUINO=157 -DARDUINO_AVR_MEGA2560 -DARDUINO_ARCH_AVR     -I"/home/robert/dev/arduino-1.5.7/hardware/arduino/avr/cores/arduino" -I"/home/robert/dev/arduino-1.5.7/hardware/arduino/avr/variants/mega" -MMD -MP -MF"arduino/wiring_pulse.c.d" -MT"arduino/wiring_pulse.c.d" -D__IN_ECLIPSE__=1 "/home/robert/dev/arduino-1.5.7/hardware/arduino/avr/cores/arduino/wiring_pulse.c"  -o  "arduino/wiring_pulse.c.o"   -Wall
Finished building: /home/robert/dev/arduino-1.5.7/hardware/arduino/avr/cores/arduino/wiring_pulse.c
 
Building file: /home/robert/dev/arduino-1.5.7/hardware/arduino/avr/cores/arduino/wiring_shift.c
Starting C compile
"/home/robert/dev/arduino-1.5.7/hardware/tools/avr/bin/avr-gcc" -c -g -Os -ffunction-sections -fdata-sections -MMD -mmcu=atmega2560 -DF_CPU=16000000L -DARDUINO=157 -DARDUINO_AVR_MEGA2560 -DARDUINO_ARCH_AVR     -I"/home/robert/dev/arduino-1.5.7/hardware/arduino/avr/cores/arduino" -I"/home/robert/dev/arduino-1.5.7/hardware/arduino/avr/variants/mega" -MMD -MP -MF"arduino/wiring_shift.c.d" -MT"arduino/wiring_shift.c.d" -D__IN_ECLIPSE__=1 "/home/robert/dev/arduino-1.5.7/hardware/arduino/avr/cores/arduino/wiring_shift.c"  -o  "arduino/wiring_shift.c.o"   -Wall
Finished building: /home/robert/dev/arduino-1.5.7/hardware/arduino/avr/cores/arduino/wiring_shift.c
 
Starting archiver
"/home/robert/dev/arduino-1.5.7/hardware/tools/avr/bin/avr-ar" rcs  "/home/robert/devSpace/dueWorkspace/freeboardMega/Release2560/arduino.ar"    ./arduino/HardwareSerial.cpp.o  ./arduino/CDC.cpp.o ./arduino/HID.cpp.o ./arduino/HardwareSerial0.cpp.o ./arduino/HardwareSerial1.cpp.o ./arduino/HardwareSerial2.cpp.o ./arduino/HardwareSerial3.cpp.o ./arduino/IPAddress.cpp.o ./arduino/Print.cpp.o ./arduino/Stream.cpp.o ./arduino/Tone.cpp.o ./arduino/USBCore.cpp.o ./arduino/WInterrupts.c.o ./arduino/WMath.cpp.o ./arduino/WString.cpp.o ./arduino/hooks.c.o ./arduino/main.cpp.o ./arduino/new.cpp.o ./arduino/wiring.c.o ./arduino/wiring_analog.c.o ./arduino/wiring_digital.c.o ./arduino/wiring_pulse.c.o ./arduino/wiring_shift.c.o 
Finished building: /home/robert/devSpace/dueWorkspace/freeboardMega/Release2560/arduino.ar
 
Starting combiner
"/home/robert/dev/arduino-1.5.7/hardware/tools/avr/bin/avr-gcc" -Os -Wl,--gc-sections -mmcu=atmega2560  -o "/home/robert/devSpace/dueWorkspace/freeboardMega/Release2560/freeboardMega.elf"    ./Alarm.cpp.o ./Anchor.cpp.o ./Autopilot.cpp.o ./FreeboardModel.cpp.o ./Gps.cpp.o ./NmeaRelay.cpp.o ./NmeaSerial.cpp.o ./Seatalk.cpp.o ./Wind.cpp.o ./freeboardMega.cpp.o ./util.cpp.o  ./lib/SPI/SPI.cpp.o  ./lib/PString/PString.cpp.o  ./lib/PID_v1/PID_v1.cpp.o  ./lib/NMEA/nmea.cpp.o  ./lib/MultiSerial/MultiSerial.cpp.o  ./lib/MemoryFree/MemoryFree.cpp.o  ./lib/Kangaroo/KangarooCRC.cpp.o ./lib/Kangaroo/KangarooChannel.cpp.o ./lib/Kangaroo/KangarooCommandWriter.cpp.o ./lib/Kangaroo/KangarooMonitor.cpp.o ./lib/Kangaroo/KangarooReplyReader.cpp.o ./lib/Kangaroo/KangarooReplyReceiver.cpp.o ./lib/Kangaroo/KangarooSerial.cpp.o ./lib/Kangaroo/KangarooStatus.cpp.o ./lib/Kangaroo/KangarooTimeout.cpp.o  ./lib/JsonStream/stream_json_reader.cpp.o  ./lib/FlexiTimer2/FlexiTimer2.cpp.o  ./lib/EEPROM/EEPROM.cpp.o  ./lib/AltSoftSerial/AltSoftSerial.cpp.o   /home/robert/devSpace/dueWorkspace/freeboardMega/Release2560/arduino.ar   "/home/robert/devSpace/dueWorkspace/freeboardMega/Release2560/arduino.ar" "-L/home/robert/devSpace/dueWorkspace/freeboardMega/Release2560" -lm
Finished building: freeboardMega.elf
 
Create eeprom image
"/home/robert/dev/arduino-1.5.7/hardware/tools/avr/bin/avr-objcopy" -O ihex -j .eeprom --set-section-flags=.eeprom=alloc,load --no-change-warnings --change-section-lma .eeprom=0  "/home/robert/devSpace/dueWorkspace/freeboardMega/Release2560/freeboardMega.elf" "/home/robert/devSpace/dueWorkspace/freeboardMega/Release2560/freeboardMega.eep"
Finished building: freeboardMega.eep
 
Create Flash image (ihex format)
"/home/robert/dev/arduino-1.5.7/hardware/tools/avr/bin/avr-objcopy" -O ihex -R .eeprom  "/home/robert/devSpace/dueWorkspace/freeboardMega/Release2560/freeboardMega.elf" "/home/robert/devSpace/dueWorkspace/freeboardMega/Release2560/freeboardMega.hex"
Finished building: freeboardMega.hex
 
Building target: freeboardMega
Printing size:
"/home/robert/dev/arduino-1.5.7/hardware/tools/avr/bin/avr-size" -A "/home/robert/devSpace/dueWorkspace/freeboardMega/Release2560/freeboardMega.elf"
/home/robert/devSpace/dueWorkspace/freeboardMega/Release2560/freeboardMega.elf  :
section            size      addr
.data               554   8389120
.text             39278         0
.bss               2798   8389674
.comment             17         0
.debug_aranges     5144         0
.debug_info      257645         0
.debug_abbrev     32986         0
.debug_line       31870         0
.debug_frame      17180         0
.debug_str        36670         0
.debug_loc        76889         0
.debug_ranges      5504         0
Total            506535


Finished building target: freeboardMega
 

15:05:19 Build Finished (took 13s.833ms)

